Here is output_dir:  /home2/johannae/UniMatch/exp/wireframe/supervised/supervised_1_4/1_4
===> loss weight:  {'tp_center_loss': 10.0, 'tp_displacement_loss': 1.0, 'tp_len_loss': 1.0, 'tp_angle_loss': 1.0, 'tp_match_loss': 1.0, 'tp_centerness_loss': 1.0, 'sol_center_loss': 1.0, 'sol_displacement_loss': 1.0, 'sol_len_loss': 1.0, 'sol_angle_loss': 1.0, 'sol_match_loss': 1.0, 'sol_centerness_loss': 1.0, 'line_seg_loss': 1.0, 'junc_seg_loss': 1.0}
2024-10-25 09:48:01.841310: I tensorflow/core/platform/cpu_feature_guard.cc:210] This TensorFlow binary is optimized to use available CPU instructions in performance-critical operations.
To enable the following instructions: AVX2 FMA, in other operations, rebuild TensorFlow with the appropriate compiler flags.
2024-10-25 09:48:02.394291: W tensorflow/compiler/tf2tensorrt/utils/py_utils.cc:38] TF-TRT Warning: Could not find TensorRT
[2024-10-25 09:48:03,760][    INFO] Total params: 0.6M

Number of training samples:  1175
==> load label..
Length of contens before:  5000
Length of contens:  1175
  0%|          | 0/1175 [00:00<?, ?it/s]  9%|▊         | 100/1175 [00:00<00:01, 999.42it/s] 18%|█▊        | 214/1175 [00:00<00:00, 1079.74it/s] 28%|██▊       | 327/1175 [00:00<00:00, 1102.42it/s] 37%|███▋      | 438/1175 [00:00<00:00, 1075.49it/s] 47%|████▋     | 547/1175 [00:00<00:00, 1080.48it/s] 56%|█████▌    | 656/1175 [00:00<00:00, 770.53it/s]  65%|██████▌   | 768/1175 [00:00<00:00, 857.38it/s] 74%|███████▎  | 864/1175 [00:00<00:00, 868.11it/s] 82%|████████▏ | 969/1175 [00:01<00:00, 915.79it/s] 91%|█████████ | 1068/1175 [00:01<00:00, 936.41it/s] 99%|█████████▉| 1166/1175 [00:01<00:00, 943.73it/s]100%|██████████| 1175/1175 [00:01<00:00, 937.88it/s]
==> valid samples:  1175
Length of contens before:  5000
Length of contens:  300
  0%|          | 0/300 [00:00<?, ?it/s] 33%|███▎      | 100/300 [00:00<00:00, 991.51it/s] 67%|██████▋   | 200/300 [00:00<00:00, 948.27it/s] 98%|█████████▊| 295/300 [00:00<00:00, 924.01it/s]100%|██████████| 300/300 [00:00<00:00, 935.07it/s]
When loading the validation:  300
[2024-10-25 09:48:07,016][    INFO] ===========> Epoch: 0, LR: 0.00010, Previous best fscore: 0.00, Previous sAP10: 0.00, epoch: 0.00
[2024-10-25 09:48:09,279][    INFO] Iters: 0, Total loss: 2204.560, avg = 2204.560, c: 2040.120, d: 102.685, l: 1.429, junc:20.129, m:40.000, m_r:0.00 
[2024-10-25 09:48:15,424][    INFO] Iters: 73, Total loss: 790.355, avg = 1706.474, c: 1569.847, d: 77.740, l: 1.388, junc:18.735, m:38.558, m_r:0.00 
[2024-10-25 09:48:21,354][    INFO] Iters: 146, Total loss: 1073.272, avg = 1379.734, c: 1245.600, d: 78.093, l: 1.402, junc:17.677, m:36.769, m_r:0.00 
[2024-10-25 09:48:27,599][    INFO] Iters: 219, Total loss: 380.721, avg = 1138.907, c: 1006.656, d: 76.994, l: 1.400, junc:16.319, m:37.358, m_r:0.00 
[2024-10-25 09:48:33,987][    INFO] Iters: 292, Total loss: 244.412, avg = 944.998, c: 814.650, d: 76.905, l: 1.397, junc:15.036, m:36.845, m_r:0.00 
[2024-10-25 09:48:40,773][    INFO] Iters: 365, Total loss: 189.226, avg = 809.440, c: 681.077, d: 76.440, l: 1.393, junc:13.890, m:36.486, m_r:0.00 
[2024-10-25 09:48:47,129][    INFO] Iters: 438, Total loss: 192.036, avg = 718.540, c: 591.619, d: 76.385, l: 1.390, junc:12.851, m:36.152, m_r:0.00 
[2024-10-25 09:48:53,439][    INFO] Iters: 511, Total loss: 325.245, avg = 654.772, c: 529.311, d: 76.238, l: 1.387, junc:11.888, m:35.815, m_r:0.01 
[2024-10-25 09:48:59,535][    INFO] Iters: 584, Total loss: 194.472, avg = 603.230, c: 478.701, d: 76.370, l: 1.384, junc:11.044, m:35.607, m_r:0.01 
[2024-10-25 09:49:13,222][    INFO] Step: 0, f_score: 0.10329, recall: 0.06, precision: 0.50, sAP10: 0.00
 
[2024-10-25 09:49:13,318][    INFO] ===========> Epoch: 1, LR: 0.00010, Previous best fscore: 0.10, Previous sAP10: 0.00, epoch: 0.00
[2024-10-25 09:49:13,546][    INFO] Iters: 0, Total loss: 180.659, avg = 180.659, c: 61.161, d: 73.457, l: 1.379, junc:4.609, m:40.000, m_r:0.00 
[2024-10-25 09:49:19,748][    INFO] Iters: 73, Total loss: 175.497, avg = 202.310, c: 88.068, d: 74.835, l: 1.361, junc:4.350, m:33.643, m_r:0.02 
[2024-10-25 09:49:26,152][    INFO] Iters: 146, Total loss: 166.521, avg = 203.353, c: 90.289, d: 74.493, l: 1.362, junc:4.097, m:33.064, m_r:0.02 
[2024-10-25 09:49:32,262][    INFO] Iters: 219, Total loss: 145.106, avg = 197.628, c: 84.512, d: 74.718, l: 1.361, junc:3.863, m:33.128, m_r:0.02 
[2024-10-25 09:49:38,658][    INFO] Iters: 292, Total loss: 170.845, avg = 195.815, c: 83.683, d: 74.535, l: 1.362, junc:3.663, m:32.530, m_r:0.02 
[2024-10-25 09:49:44,938][    INFO] Iters: 365, Total loss: 116.539, avg = 186.668, c: 77.064, d: 74.419, l: 1.362, junc:3.490, m:30.291, m_r:0.02 
[2024-10-25 09:49:50,985][    INFO] Iters: 438, Total loss: 117.191, avg = 179.503, c: 72.739, d: 74.184, l: 1.361, junc:3.349, m:27.832, m_r:0.02 
[2024-10-25 09:49:57,429][    INFO] Iters: 511, Total loss: 139.256, avg = 177.173, c: 72.733, d: 73.918, l: 1.360, junc:3.226, m:25.899, m_r:0.02 
[2024-10-25 09:50:03,904][    INFO] Iters: 584, Total loss: 135.209, avg = 172.189, c: 69.353, d: 73.954, l: 1.358, junc:3.120, m:24.367, m_r:0.02 
[2024-10-25 09:50:17,611][    INFO] Step: 1, f_score: 0.16764, recall: 0.11, precision: 0.37, sAP10: 0.01
 
[2024-10-25 09:50:17,970][    INFO] ===========> Epoch: 2, LR: 0.00010, Previous best fscore: 0.17, Previous sAP10: 0.01, epoch: 1.00
[2024-10-25 09:50:18,171][    INFO] Iters: 0, Total loss: 170.551, avg = 170.551, c: 44.169, d: 90.987, l: 1.384, junc:2.484, m:31.493, m_r:0.02 
[2024-10-25 09:50:24,287][    INFO] Iters: 73, Total loss: 107.363, avg = 136.912, c: 49.435, d: 72.613, l: 1.354, junc:2.310, m:11.175, m_r:0.05 
[2024-10-25 09:50:30,673][    INFO] Iters: 146, Total loss: 121.395, avg = 134.493, c: 45.966, d: 73.544, l: 1.353, junc:2.278, m:11.328, m_r:0.05 
[2024-10-25 09:50:36,904][    INFO] Iters: 219, Total loss: 104.486, avg = 131.402, c: 42.685, d: 73.427, l: 1.354, junc:2.259, m:11.653, m_r:0.05 
[2024-10-25 09:50:43,180][    INFO] Iters: 292, Total loss: 118.030, avg = 133.178, c: 44.358, d: 73.336, l: 1.353, junc:2.247, m:11.861, m_r:0.05 
[2024-10-25 09:50:49,458][    INFO] Iters: 365, Total loss: 123.629, avg = 131.381, c: 42.211, d: 73.272, l: 1.352, junc:2.223, m:12.300, m_r:0.06 
[2024-10-25 09:50:55,738][    INFO] Iters: 438, Total loss: 104.670, avg = 129.795, c: 40.682, d: 73.175, l: 1.351, junc:2.202, m:12.361, m_r:0.06 
[2024-10-25 09:51:02,281][    INFO] Iters: 511, Total loss: 99.039, avg = 128.934, c: 39.881, d: 73.145, l: 1.350, junc:2.184, m:12.352, m_r:0.06 
[2024-10-25 09:51:08,725][    INFO] Iters: 584, Total loss: 122.520, avg = 128.127, c: 39.265, d: 72.958, l: 1.349, junc:2.169, m:12.363, m_r:0.06 
[2024-10-25 09:51:22,636][    INFO] Step: 2, f_score: 0.27970, recall: 0.20, precision: 0.51, sAP10: 0.01
 
[2024-10-25 09:51:22,999][    INFO] ===========> Epoch: 3, LR: 0.00010, Previous best fscore: 0.28, Previous sAP10: 0.01, epoch: 2.00
[2024-10-25 09:51:23,268][    INFO] Iters: 0, Total loss: 130.416, avg = 130.416, c: 28.442, d: 74.830, l: 1.399, junc:2.075, m:23.646, m_r:0.08 
[2024-10-25 09:51:29,747][    INFO] Iters: 73, Total loss: 94.726, avg = 119.246, c: 30.651, d: 71.671, l: 1.341, junc:2.046, m:13.516, m_r:0.08 
[2024-10-25 09:51:36,320][    INFO] Iters: 146, Total loss: 110.579, avg = 118.430, c: 31.124, d: 72.580, l: 1.339, junc:2.024, m:11.342, m_r:0.09 
[2024-10-25 09:51:42,672][    INFO] Iters: 219, Total loss: 118.033, avg = 119.280, c: 31.956, d: 72.117, l: 1.338, junc:2.020, m:11.828, m_r:0.09 
[2024-10-25 09:51:48,715][    INFO] Iters: 292, Total loss: 128.256, avg = 119.760, c: 32.208, d: 72.215, l: 1.337, junc:2.012, m:11.966, m_r:0.09 
[2024-10-25 09:51:54,980][    INFO] Iters: 365, Total loss: 107.222, avg = 120.313, c: 32.701, d: 72.340, l: 1.337, junc:2.006, m:11.909, m_r:0.09 
[2024-10-25 09:52:01,302][    INFO] Iters: 438, Total loss: 100.005, avg = 120.250, c: 32.558, d: 72.567, l: 1.335, junc:1.996, m:11.773, m_r:0.10 
[2024-10-25 09:52:07,300][    INFO] Iters: 511, Total loss: 107.223, avg = 119.111, c: 31.977, d: 72.253, l: 1.333, junc:1.984, m:11.543, m_r:0.10 
[2024-10-25 09:52:13,248][    INFO] Iters: 584, Total loss: 125.954, avg = 118.107, c: 31.589, d: 71.992, l: 1.331, junc:1.972, m:11.201, m_r:0.11 
[2024-10-25 09:52:26,910][    INFO] Step: 3, f_score: 0.35607, recall: 0.25, precision: 0.71, sAP10: 0.03
 
[2024-10-25 09:52:27,103][    INFO] ===========> Epoch: 4, LR: 0.00010, Previous best fscore: 0.36, Previous sAP10: 0.03, epoch: 3.00
[2024-10-25 09:52:27,376][    INFO] Iters: 0, Total loss: 95.495, avg = 95.495, c: 25.160, d: 60.640, l: 1.290, junc:1.890, m:6.500, m_r:0.14 
[2024-10-25 09:52:33,731][    INFO] Iters: 73, Total loss: 114.589, avg = 114.615, c: 30.874, d: 72.081, l: 1.320, junc:1.873, m:8.447, m_r:0.14 
[2024-10-25 09:52:39,891][    INFO] Iters: 146, Total loss: 114.996, avg = 114.502, c: 31.483, d: 71.159, l: 1.319, junc:1.879, m:8.642, m_r:0.13 
[2024-10-25 09:52:45,979][    INFO] Iters: 219, Total loss: 103.581, avg = 113.915, c: 30.458, d: 71.426, l: 1.315, junc:1.876, m:8.819, m_r:0.13 
[2024-10-25 09:52:52,248][    INFO] Iters: 292, Total loss: 118.742, avg = 113.524, c: 30.389, d: 71.007, l: 1.311, junc:1.870, m:8.926, m_r:0.14 
[2024-10-25 09:52:58,537][    INFO] Iters: 365, Total loss: 108.838, avg = 112.425, c: 29.903, d: 70.866, l: 1.308, junc:1.862, m:8.466, m_r:0.14 
[2024-10-25 09:53:04,796][    INFO] Iters: 438, Total loss: 78.684, avg = 112.300, c: 29.567, d: 71.238, l: 1.306, junc:1.856, m:8.313, m_r:0.14 
[2024-10-25 09:53:11,062][    INFO] Iters: 511, Total loss: 106.644, avg = 111.417, c: 29.373, d: 70.744, l: 1.303, junc:1.851, m:8.126, m_r:0.15 
[2024-10-25 09:53:17,233][    INFO] Iters: 584, Total loss: 111.446, avg = 111.440, c: 29.568, d: 70.455, l: 1.300, junc:1.850, m:8.246, m_r:0.15 
[2024-10-25 09:53:30,929][    INFO] Step: 4, f_score: 0.45987, recall: 0.35, precision: 0.72, sAP10: 0.10
 
[2024-10-25 09:53:31,166][    INFO] ===========> Epoch: 5, LR: 0.00010, Previous best fscore: 0.46, Previous sAP10: 0.10, epoch: 4.00
[2024-10-25 09:53:31,396][    INFO] Iters: 0, Total loss: 102.765, avg = 102.765, c: 25.943, d: 66.645, l: 1.348, junc:1.810, m:6.999, m_r:0.13 
[2024-10-25 09:53:37,496][    INFO] Iters: 73, Total loss: 104.766, avg = 106.447, c: 26.822, d: 69.515, l: 1.276, junc:1.803, m:7.011, m_r:0.15 
[2024-10-25 09:53:43,759][    INFO] Iters: 146, Total loss: 97.236, avg = 110.358, c: 30.852, d: 68.199, l: 1.277, junc:1.852, m:8.157, m_r:0.15 
[2024-10-25 09:53:50,138][    INFO] Iters: 219, Total loss: 103.400, avg = 109.748, c: 30.523, d: 68.176, l: 1.273, junc:1.857, m:7.900, m_r:0.16 
[2024-10-25 09:53:56,184][    INFO] Iters: 292, Total loss: 115.069, avg = 108.157, c: 29.941, d: 67.430, l: 1.264, junc:1.856, m:7.646, m_r:0.17 
[2024-10-25 09:54:02,336][    INFO] Iters: 365, Total loss: 95.982, avg = 106.809, c: 29.944, d: 66.316, l: 1.258, junc:1.867, m:7.404, m_r:0.17 
[2024-10-25 09:54:08,544][    INFO] Iters: 438, Total loss: 103.602, avg = 105.306, c: 29.571, d: 65.332, l: 1.252, junc:1.869, m:7.263, m_r:0.18 
[2024-10-25 09:54:14,663][    INFO] Iters: 511, Total loss: 78.732, avg = 103.776, c: 29.132, d: 64.400, l: 1.245, junc:1.871, m:7.108, m_r:0.18 
[2024-10-25 09:54:21,159][    INFO] Iters: 584, Total loss: 84.172, avg = 103.034, c: 29.360, d: 63.553, l: 1.241, junc:1.880, m:6.981, m_r:0.19 
[2024-10-25 09:54:34,826][    INFO] Step: 5, f_score: 0.50745, recall: 0.40, precision: 0.73, sAP10: 0.12
 
[2024-10-25 09:54:35,075][    INFO] ===========> Epoch: 6, LR: 0.00010, Previous best fscore: 0.51, Previous sAP10: 0.12, epoch: 5.00
[2024-10-25 09:54:35,308][    INFO] Iters: 0, Total loss: 96.554, avg = 96.554, c: 27.125, d: 60.012, l: 1.275, junc:1.942, m:6.183, m_r:0.22 
[2024-10-25 09:54:41,786][    INFO] Iters: 73, Total loss: 82.731, avg = 96.221, c: 27.970, d: 59.362, l: 1.207, junc:1.907, m:5.758, m_r:0.25 
[2024-10-25 09:54:48,227][    INFO] Iters: 146, Total loss: 104.661, avg = 94.995, c: 28.262, d: 57.805, l: 1.199, junc:1.904, m:5.809, m_r:0.25 
[2024-10-25 09:54:54,631][    INFO] Iters: 219, Total loss: 105.925, avg = 94.790, c: 28.388, d: 57.500, l: 1.196, junc:1.906, m:5.783, m_r:0.26 
[2024-10-25 09:55:00,818][    INFO] Iters: 292, Total loss: 80.495, avg = 94.110, c: 27.866, d: 57.363, l: 1.192, junc:1.901, m:5.772, m_r:0.26 
[2024-10-25 09:55:07,068][    INFO] Iters: 365, Total loss: 141.167, avg = 93.797, c: 28.366, d: 56.575, l: 1.188, junc:1.901, m:5.751, m_r:0.26 
[2024-10-25 09:55:13,297][    INFO] Iters: 438, Total loss: 80.043, avg = 92.794, c: 28.310, d: 55.667, l: 1.186, junc:1.897, m:5.717, m_r:0.27 
[2024-10-25 09:55:19,630][    INFO] Iters: 511, Total loss: 82.995, avg = 92.784, c: 28.498, d: 55.457, l: 1.185, junc:1.892, m:5.735, m_r:0.28 
[2024-10-25 09:55:26,050][    INFO] Iters: 584, Total loss: 80.159, avg = 91.939, c: 28.462, d: 54.687, l: 1.183, junc:1.886, m:5.703, m_r:0.28 
[2024-10-25 09:55:39,440][    INFO] Step: 6, f_score: 0.61259, recall: 0.54, precision: 0.72, sAP10: 1.02
 
[2024-10-25 09:55:39,677][    INFO] ===========> Epoch: 7, LR: 0.00010, Previous best fscore: 0.61, Previous sAP10: 1.02, epoch: 6.00
[2024-10-25 09:55:39,894][    INFO] Iters: 0, Total loss: 94.126, avg = 94.126, c: 24.782, d: 60.738, l: 1.113, junc:1.722, m:5.747, m_r:0.31 
[2024-10-25 09:55:46,026][    INFO] Iters: 73, Total loss: 76.761, avg = 82.652, c: 26.626, d: 47.445, l: 1.150, junc:1.805, m:5.609, m_r:0.36 
[2024-10-25 09:55:52,415][    INFO] Iters: 146, Total loss: 73.112, avg = 83.628, c: 28.347, d: 46.713, l: 1.146, junc:1.831, m:5.575, m_r:0.35 
[2024-10-25 09:55:58,879][    INFO] Iters: 219, Total loss: 79.383, avg = 82.013, c: 27.741, d: 45.752, l: 1.138, junc:1.829, m:5.537, m_r:0.36 
[2024-10-25 09:56:04,881][    INFO] Iters: 292, Total loss: 73.415, avg = 81.478, c: 27.766, d: 45.153, l: 1.130, junc:1.826, m:5.586, m_r:0.37 
[2024-10-25 09:56:11,002][    INFO] Iters: 365, Total loss: 66.508, avg = 80.090, c: 27.350, d: 44.191, l: 1.124, junc:1.818, m:5.590, m_r:0.38 
[2024-10-25 09:56:17,236][    INFO] Iters: 438, Total loss: 69.078, avg = 79.957, c: 27.580, d: 43.795, l: 1.119, junc:1.819, m:5.628, m_r:0.38 
[2024-10-25 09:56:23,524][    INFO] Iters: 511, Total loss: 78.427, avg = 79.436, c: 27.730, d: 43.133, l: 1.115, junc:1.816, m:5.626, m_r:0.39 
[2024-10-25 09:56:29,874][    INFO] Iters: 584, Total loss: 66.636, avg = 79.124, c: 27.982, d: 42.602, l: 1.111, junc:1.816, m:5.597, m_r:0.39 
[2024-10-25 09:56:43,400][    INFO] Step: 7, f_score: 0.65939, recall: 0.63, precision: 0.70, sAP10: 1.95
 
[2024-10-25 09:56:43,582][    INFO] ===========> Epoch: 8, LR: 0.00010, Previous best fscore: 0.66, Previous sAP10: 1.95, epoch: 7.00
[2024-10-25 09:56:43,799][    INFO] Iters: 0, Total loss: 69.242, avg = 69.242, c: 26.238, d: 34.595, l: 1.077, junc:1.882, m:5.437, m_r:0.33 
[2024-10-25 09:56:50,173][    INFO] Iters: 73, Total loss: 75.490, avg = 71.787, c: 27.146, d: 36.183, l: 1.070, junc:1.798, m:5.575, m_r:0.46 
[2024-10-25 09:56:56,779][    INFO] Iters: 146, Total loss: 65.074, avg = 71.768, c: 27.063, d: 36.387, l: 1.066, junc:1.783, m:5.452, m_r:0.46 
[2024-10-25 09:57:03,023][    INFO] Iters: 219, Total loss: 66.586, avg = 70.324, c: 26.398, d: 35.669, l: 1.061, junc:1.777, m:5.404, m_r:0.47 
[2024-10-25 09:57:09,402][    INFO] Iters: 292, Total loss: 64.084, avg = 69.985, c: 26.527, d: 35.201, l: 1.057, junc:1.780, m:5.403, m_r:0.48 
[2024-10-25 09:57:15,422][    INFO] Iters: 365, Total loss: 60.885, avg = 70.215, c: 26.759, d: 35.216, l: 1.052, junc:1.782, m:5.390, m_r:0.48 
[2024-10-25 09:57:21,485][    INFO] Iters: 438, Total loss: 125.813, avg = 70.005, c: 26.739, d: 35.038, l: 1.046, junc:1.778, m:5.388, m_r:0.48 
[2024-10-25 09:57:27,775][    INFO] Iters: 511, Total loss: 59.883, avg = 69.564, c: 26.459, d: 34.892, l: 1.038, junc:1.778, m:5.380, m_r:0.49 
[2024-10-25 09:57:34,060][    INFO] Iters: 584, Total loss: 68.508, avg = 69.024, c: 26.386, d: 34.455, l: 1.034, junc:1.777, m:5.356, m_r:0.50 
[2024-10-25 09:57:47,913][    INFO] Step: 8, f_score: 0.70245, recall: 0.76, precision: 0.67, sAP10: 3.99
 
[2024-10-25 09:57:48,270][    INFO] ===========> Epoch: 9, LR: 0.00010, Previous best fscore: 0.70, Previous sAP10: 3.99, epoch: 8.00
[2024-10-25 09:57:48,496][    INFO] Iters: 0, Total loss: 76.175, avg = 76.175, c: 26.166, d: 41.915, l: 0.890, junc:1.609, m:5.569, m_r:0.52 
[2024-10-25 09:57:54,753][    INFO] Iters: 73, Total loss: 59.079, avg = 64.538, c: 24.394, d: 32.074, l: 0.981, junc:1.730, m:5.342, m_r:0.56 
[2024-10-25 09:58:01,413][    INFO] Iters: 146, Total loss: 64.159, avg = 66.237, c: 25.649, d: 32.571, l: 0.988, junc:1.749, m:5.263, m_r:0.57 
[2024-10-25 09:58:07,530][    INFO] Iters: 219, Total loss: 66.556, avg = 65.796, c: 25.791, d: 31.990, l: 0.988, junc:1.750, m:5.263, m_r:0.56 
[2024-10-25 09:58:13,907][    INFO] Iters: 292, Total loss: 68.497, avg = 64.981, c: 25.263, d: 31.745, l: 0.980, junc:1.752, m:5.226, m_r:0.58 
[2024-10-25 09:58:20,130][    INFO] Iters: 365, Total loss: 63.085, avg = 64.722, c: 25.095, d: 31.693, l: 0.974, junc:1.748, m:5.196, m_r:0.59 
[2024-10-25 09:58:26,422][    INFO] Iters: 438, Total loss: 61.825, avg = 64.815, c: 25.457, d: 31.441, l: 0.973, junc:1.748, m:5.180, m_r:0.59 
[2024-10-25 09:58:32,504][    INFO] Iters: 511, Total loss: 46.639, avg = 64.316, c: 25.203, d: 31.216, l: 0.970, junc:1.740, m:5.170, m_r:0.59 
[2024-10-25 09:58:38,632][    INFO] Iters: 584, Total loss: 59.853, avg = 63.991, c: 25.089, d: 31.018, l: 0.967, junc:1.738, m:5.163, m_r:0.60 
[2024-10-25 09:58:52,431][    INFO] Step: 9, f_score: 0.76346, recall: 0.90, precision: 0.67, sAP10: 10.96
 
[2024-10-25 09:58:52,639][    INFO] ===========> Epoch: 10, LR: 0.00010, Previous best fscore: 0.76, Previous sAP10: 10.96, epoch: 9.00
[2024-10-25 09:58:52,866][    INFO] Iters: 0, Total loss: 50.774, avg = 50.774, c: 20.961, d: 22.261, l: 0.836, junc:1.534, m:5.168, m_r:0.80 
[2024-10-25 09:58:59,051][    INFO] Iters: 73, Total loss: 53.228, avg = 65.313, c: 28.477, d: 29.000, l: 0.955, junc:1.724, m:5.142, m_r:0.61 
[2024-10-25 09:59:05,080][    INFO] Iters: 146, Total loss: 55.936, avg = 63.787, c: 26.242, d: 29.778, l: 0.947, junc:1.711, m:5.094, m_r:0.61 
[2024-10-25 09:59:11,475][    INFO] Iters: 219, Total loss: 60.450, avg = 62.485, c: 25.312, d: 29.444, l: 0.939, junc:1.705, m:5.070, m_r:0.63 
[2024-10-25 09:59:18,032][    INFO] Iters: 292, Total loss: 57.441, avg = 62.064, c: 25.281, d: 29.064, l: 0.939, junc:1.707, m:5.059, m_r:0.63 
[2024-10-25 09:59:24,275][    INFO] Iters: 365, Total loss: 53.214, avg = 61.369, c: 24.851, d: 28.822, l: 0.935, junc:1.702, m:5.044, m_r:0.64 
[2024-10-25 09:59:30,610][    INFO] Iters: 438, Total loss: 53.558, avg = 61.388, c: 25.035, d: 28.670, l: 0.934, junc:1.703, m:5.032, m_r:0.63 
[2024-10-25 09:59:36,882][    INFO] Iters: 511, Total loss: 56.988, avg = 61.194, c: 24.794, d: 28.714, l: 0.932, junc:1.700, m:5.040, m_r:0.64 
[2024-10-25 09:59:43,127][    INFO] Iters: 584, Total loss: 51.284, avg = 60.783, c: 24.581, d: 28.528, l: 0.929, junc:1.698, m:5.033, m_r:0.64 
[2024-10-25 09:59:56,869][    INFO] Step: 10, f_score: 0.76852, recall: 0.90, precision: 0.68, sAP10: 13.83
 
[2024-10-25 09:59:57,112][    INFO] ===========> Epoch: 11, LR: 0.00010, Previous best fscore: 0.77, Previous sAP10: 13.83, epoch: 10.00
[2024-10-25 09:59:57,333][    INFO] Iters: 0, Total loss: 50.908, avg = 50.908, c: 20.919, d: 22.642, l: 0.841, junc:1.583, m:4.911, m_r:0.78 
[2024-10-25 10:00:03,636][    INFO] Iters: 73, Total loss: 68.610, avg = 58.966, c: 23.564, d: 27.853, l: 0.899, junc:1.660, m:4.975, m_r:0.66 
[2024-10-25 10:00:09,933][    INFO] Iters: 146, Total loss: 55.711, avg = 59.963, c: 25.039, d: 27.281, l: 0.912, junc:1.685, m:5.033, m_r:0.65 
[2024-10-25 10:00:15,900][    INFO] Iters: 219, Total loss: 59.489, avg = 60.171, c: 25.147, d: 27.365, l: 0.913, junc:1.676, m:5.056, m_r:0.65 
[2024-10-25 10:00:22,137][    INFO] Iters: 292, Total loss: 63.706, avg = 59.647, c: 24.855, d: 27.172, l: 0.911, junc:1.672, m:5.023, m_r:0.65 
[2024-10-25 10:00:28,165][    INFO] Iters: 365, Total loss: 54.492, avg = 59.656, c: 24.921, d: 27.134, l: 0.909, junc:1.669, m:5.010, m_r:0.65 
[2024-10-25 10:00:34,747][    INFO] Iters: 438, Total loss: 62.283, avg = 59.505, c: 24.942, d: 26.978, l: 0.907, junc:1.668, m:4.998, m_r:0.66 
[2024-10-25 10:00:40,912][    INFO] Iters: 511, Total loss: 60.924, avg = 59.753, c: 25.150, d: 27.030, l: 0.909, junc:1.667, m:4.984, m_r:0.66 
[2024-10-25 10:00:46,971][    INFO] Iters: 584, Total loss: 66.313, avg = 59.083, c: 24.806, d: 26.724, l: 0.904, junc:1.661, m:4.975, m_r:0.66 
[2024-10-25 10:01:00,669][    INFO] Step: 11, f_score: 0.77206, recall: 0.92, precision: 0.68, sAP10: 15.64
 
[2024-10-25 10:01:00,892][    INFO] ===========> Epoch: 12, LR: 0.00010, Previous best fscore: 0.77, Previous sAP10: 15.64, epoch: 11.00
[2024-10-25 10:01:01,086][    INFO] Iters: 0, Total loss: 57.584, avg = 57.584, c: 21.578, d: 28.918, l: 0.891, junc:1.606, m:4.579, m_r:0.64 
[2024-10-25 10:01:07,407][    INFO] Iters: 73, Total loss: 50.496, avg = 58.419, c: 25.627, d: 25.361, l: 0.887, junc:1.646, m:4.886, m_r:0.69 
[2024-10-25 10:01:13,645][    INFO] Iters: 146, Total loss: 53.974, avg = 57.343, c: 24.132, d: 25.781, l: 0.884, junc:1.638, m:4.897, m_r:0.69 
[2024-10-25 10:01:19,975][    INFO] Iters: 219, Total loss: 55.841, avg = 57.201, c: 23.889, d: 25.889, l: 0.883, junc:1.631, m:4.897, m_r:0.68 
[2024-10-25 10:01:26,369][    INFO] Iters: 292, Total loss: 63.678, avg = 56.888, c: 24.002, d: 25.450, l: 0.887, junc:1.629, m:4.908, m_r:0.69 
[2024-10-25 10:01:32,478][    INFO] Iters: 365, Total loss: 53.765, avg = 56.583, c: 23.804, d: 25.348, l: 0.886, junc:1.627, m:4.907, m_r:0.69 
[2024-10-25 10:01:38,582][    INFO] Iters: 438, Total loss: 74.828, avg = 56.672, c: 23.970, d: 25.250, l: 0.882, junc:1.624, m:4.935, m_r:0.69 
[2024-10-25 10:01:44,903][    INFO] Iters: 511, Total loss: 55.673, avg = 56.168, c: 23.761, d: 24.964, l: 0.884, junc:1.623, m:4.924, m_r:0.69 
[2024-10-25 10:01:51,110][    INFO] Iters: 584, Total loss: 60.071, avg = 56.340, c: 23.938, d: 24.964, l: 0.884, junc:1.622, m:4.921, m_r:0.69 
[2024-10-25 10:02:05,176][    INFO] Step: 12, f_score: 0.75933, recall: 0.92, precision: 0.65, sAP10: 15.58
 
[2024-10-25 10:02:05,242][    INFO] ===========> Epoch: 13, LR: 0.00010, Previous best fscore: 0.77, Previous sAP10: 15.64, epoch: 11.00
[2024-10-25 10:02:05,481][    INFO] Iters: 0, Total loss: 54.163, avg = 54.163, c: 22.793, d: 24.142, l: 0.908, junc:1.617, m:4.692, m_r:0.69 
[2024-10-25 10:02:11,465][    INFO] Iters: 73, Total loss: 56.853, avg = 54.951, c: 22.915, d: 24.676, l: 0.866, junc:1.601, m:4.882, m_r:0.69 
[2024-10-25 10:02:17,805][    INFO] Iters: 146, Total loss: 41.448, avg = 54.009, c: 22.635, d: 24.057, l: 0.863, junc:1.593, m:4.850, m_r:0.70 
[2024-10-25 10:02:24,144][    INFO] Iters: 219, Total loss: 62.923, avg = 55.067, c: 23.470, d: 24.245, l: 0.872, junc:1.600, m:4.870, m_r:0.69 
[2024-10-25 10:02:30,658][    INFO] Iters: 292, Total loss: 52.012, avg = 54.815, c: 23.184, d: 24.277, l: 0.877, junc:1.601, m:4.865, m_r:0.69 
[2024-10-25 10:02:36,859][    INFO] Iters: 365, Total loss: 59.750, avg = 55.549, c: 24.107, d: 24.055, l: 0.878, junc:1.605, m:4.892, m_r:0.69 
[2024-10-25 10:02:43,031][    INFO] Iters: 438, Total loss: 51.550, avg = 55.550, c: 24.167, d: 24.004, l: 0.874, junc:1.601, m:4.894, m_r:0.70 
[2024-10-25 10:02:49,491][    INFO] Iters: 511, Total loss: 52.171, avg = 55.747, c: 24.450, d: 23.922, l: 0.873, junc:1.600, m:4.892, m_r:0.70 
[2024-10-25 10:02:55,999][    INFO] Iters: 584, Total loss: 48.736, avg = 55.403, c: 24.305, d: 23.728, l: 0.873, junc:1.599, m:4.889, m_r:0.70 
[2024-10-25 10:03:09,764][    INFO] Step: 13, f_score: 0.77301, recall: 0.92, precision: 0.67, sAP10: 18.18
 
[2024-10-25 10:03:09,951][    INFO] ===========> Epoch: 14, LR: 0.00010, Previous best fscore: 0.77, Previous sAP10: 18.18, epoch: 13.00
[2024-10-25 10:03:10,112][    INFO] Iters: 0, Total loss: 48.395, avg = 48.395, c: 22.274, d: 19.177, l: 0.758, junc:1.424, m:4.752, m_r:0.71 
[2024-10-25 10:03:16,502][    INFO] Iters: 73, Total loss: 47.029, avg = 51.604, c: 22.043, d: 22.297, l: 0.863, junc:1.572, m:4.819, m_r:0.73 
[2024-10-25 10:03:22,944][    INFO] Iters: 146, Total loss: 59.200, avg = 52.265, c: 22.762, d: 22.237, l: 0.866, junc:1.575, m:4.816, m_r:0.73 
[2024-10-25 10:03:29,351][    INFO] Iters: 219, Total loss: 46.154, avg = 53.022, c: 23.118, d: 22.587, l: 0.865, junc:1.576, m:4.867, m_r:0.73 
[2024-10-25 10:03:35,565][    INFO] Iters: 292, Total loss: 55.325, avg = 52.899, c: 22.964, d: 22.637, l: 0.863, junc:1.573, m:4.853, m_r:0.72 
[2024-10-25 10:03:41,701][    INFO] Iters: 365, Total loss: 61.746, avg = 52.482, c: 22.769, d: 22.429, l: 0.859, junc:1.567, m:4.848, m_r:0.73 
[2024-10-25 10:03:48,105][    INFO] Iters: 438, Total loss: 43.842, avg = 52.525, c: 22.941, d: 22.310, l: 0.858, junc:1.564, m:4.841, m_r:0.73 
[2024-10-25 10:03:54,211][    INFO] Iters: 511, Total loss: 49.195, avg = 52.329, c: 22.830, d: 22.231, l: 0.857, junc:1.564, m:4.838, m_r:0.73 
[2024-10-25 10:04:00,216][    INFO] Iters: 584, Total loss: 43.725, avg = 52.352, c: 22.844, d: 22.250, l: 0.854, junc:1.562, m:4.832, m_r:0.73 
[2024-10-25 10:04:14,047][    INFO] Step: 14, f_score: 0.71611, recall: 0.88, precision: 0.61, sAP10: 20.01
 
[2024-10-25 10:04:14,185][    INFO] ===========> Epoch: 15, LR: 0.00010, Previous best fscore: 0.77, Previous sAP10: 20.01, epoch: 14.00
[2024-10-25 10:04:14,431][    INFO] Iters: 0, Total loss: 50.237, avg = 50.237, c: 23.727, d: 19.138, l: 0.890, junc:1.715, m:4.759, m_r:0.76 
[2024-10-25 10:04:20,885][    INFO] Iters: 73, Total loss: 41.602, avg = 49.102, c: 22.016, d: 19.851, l: 0.857, junc:1.571, m:4.798, m_r:0.75 
[2024-10-25 10:04:27,053][    INFO] Iters: 146, Total loss: 47.181, avg = 50.555, c: 22.853, d: 20.464, l: 0.852, junc:1.560, m:4.818, m_r:0.74 
[2024-10-25 10:04:33,677][    INFO] Iters: 219, Total loss: 44.746, avg = 51.827, c: 23.839, d: 20.749, l: 0.856, junc:1.560, m:4.813, m_r:0.74 
[2024-10-25 10:04:39,816][    INFO] Iters: 292, Total loss: 53.799, avg = 52.496, c: 24.093, d: 21.176, l: 0.852, junc:1.552, m:4.815, m_r:0.73 
[2024-10-25 10:04:46,029][    INFO] Iters: 365, Total loss: 45.379, avg = 52.047, c: 23.873, d: 20.955, l: 0.850, junc:1.549, m:4.811, m_r:0.74 
[2024-10-25 10:04:52,012][    INFO] Iters: 438, Total loss: 45.386, avg = 51.879, c: 23.592, d: 21.075, l: 0.847, junc:1.546, m:4.809, m_r:0.74 
[2024-10-25 10:04:58,415][    INFO] Iters: 511, Total loss: 40.946, avg = 51.775, c: 23.562, d: 21.004, l: 0.847, junc:1.546, m:4.806, m_r:0.74 
[2024-10-25 10:05:04,570][    INFO] Iters: 584, Total loss: 39.427, avg = 51.630, c: 23.398, d: 21.019, l: 0.847, junc:1.542, m:4.815, m_r:0.74 
[2024-10-25 10:05:18,485][    INFO] Step: 15, f_score: 0.77291, recall: 0.95, precision: 0.66, sAP10: 21.69
 
[2024-10-25 10:05:18,596][    INFO] ===========> Epoch: 16, LR: 0.00010, Previous best fscore: 0.77, Previous sAP10: 21.69, epoch: 15.00
[2024-10-25 10:05:18,799][    INFO] Iters: 0, Total loss: 42.022, avg = 42.022, c: 20.700, d: 14.206, l: 0.799, junc:1.541, m:4.770, m_r:0.82 
[2024-10-25 10:05:24,854][    INFO] Iters: 73, Total loss: 43.951, avg = 48.093, c: 21.328, d: 19.665, l: 0.830, junc:1.505, m:4.755, m_r:0.75 
[2024-10-25 10:05:31,211][    INFO] Iters: 146, Total loss: 50.753, avg = 49.588, c: 22.338, d: 20.045, l: 0.838, junc:1.521, m:4.836, m_r:0.74 
[2024-10-25 10:05:37,365][    INFO] Iters: 219, Total loss: 53.780, avg = 50.028, c: 22.665, d: 20.177, l: 0.840, junc:1.523, m:4.815, m_r:0.75 
[2024-10-25 10:05:43,375][    INFO] Iters: 292, Total loss: 53.156, avg = 50.294, c: 22.771, d: 20.349, l: 0.838, junc:1.523, m:4.804, m_r:0.74 
[2024-10-25 10:05:49,819][    INFO] Iters: 365, Total loss: 42.730, avg = 50.382, c: 22.894, d: 20.322, l: 0.837, junc:1.520, m:4.801, m_r:0.75 
[2024-10-25 10:05:56,223][    INFO] Iters: 438, Total loss: 39.743, avg = 50.093, c: 22.757, d: 20.180, l: 0.835, junc:1.519, m:4.793, m_r:0.75 
[2024-10-25 10:06:02,777][    INFO] Iters: 511, Total loss: 37.910, avg = 50.063, c: 22.871, d: 20.046, l: 0.836, junc:1.520, m:4.782, m_r:0.75 
[2024-10-25 10:06:08,655][    INFO] Iters: 584, Total loss: 46.382, avg = 50.010, c: 22.913, d: 19.959, l: 0.833, junc:1.516, m:4.781, m_r:0.75 
[2024-10-25 10:06:22,381][    INFO] Step: 16, f_score: 0.76630, recall: 0.94, precision: 0.65, sAP10: 22.73
 
[2024-10-25 10:06:22,525][    INFO] ===========> Epoch: 17, LR: 0.00010, Previous best fscore: 0.77, Previous sAP10: 22.73, epoch: 16.00
[2024-10-25 10:06:22,741][    INFO] Iters: 0, Total loss: 51.386, avg = 51.386, c: 22.277, d: 22.332, l: 0.812, junc:1.524, m:4.432, m_r:0.70 
[2024-10-25 10:06:28,786][    INFO] Iters: 73, Total loss: 48.271, avg = 49.418, c: 23.078, d: 19.137, l: 0.818, junc:1.510, m:4.867, m_r:0.75 
[2024-10-25 10:06:34,989][    INFO] Iters: 146, Total loss: 46.889, avg = 50.855, c: 24.127, d: 19.585, l: 0.824, junc:1.508, m:4.803, m_r:0.76 
[2024-10-25 10:06:41,623][    INFO] Iters: 219, Total loss: 54.606, avg = 50.509, c: 24.108, d: 19.264, l: 0.827, junc:1.507, m:4.795, m_r:0.76 
[2024-10-25 10:06:47,972][    INFO] Iters: 292, Total loss: 41.002, avg = 49.836, c: 23.342, d: 19.375, l: 0.824, junc:1.504, m:4.781, m_r:0.76 
[2024-10-25 10:06:54,421][    INFO] Iters: 365, Total loss: 41.407, avg = 49.083, c: 22.852, d: 19.141, l: 0.821, junc:1.498, m:4.762, m_r:0.76 
[2024-10-25 10:07:00,618][    INFO] Iters: 438, Total loss: 48.039, avg = 48.993, c: 22.744, d: 19.162, l: 0.821, junc:1.494, m:4.764, m_r:0.76 
[2024-10-25 10:07:06,652][    INFO] Iters: 511, Total loss: 48.760, avg = 49.056, c: 22.833, d: 19.130, l: 0.821, junc:1.492, m:4.772, m_r:0.76 
[2024-10-25 10:07:12,723][    INFO] Iters: 584, Total loss: 63.404, avg = 49.258, c: 23.020, d: 19.142, l: 0.820, junc:1.490, m:4.778, m_r:0.76 
[2024-10-25 10:07:26,609][    INFO] Step: 17, f_score: 0.75663, recall: 0.96, precision: 0.63, sAP10: 24.52
 
[2024-10-25 10:07:26,729][    INFO] ===========> Epoch: 18, LR: 0.00010, Previous best fscore: 0.77, Previous sAP10: 24.52, epoch: 17.00
[2024-10-25 10:07:26,972][    INFO] Iters: 0, Total loss: 90.550, avg = 90.550, c: 66.406, d: 17.158, l: 0.866, junc:1.494, m:4.616, m_r:0.80 
[2024-10-25 10:07:33,446][    INFO] Iters: 73, Total loss: 41.058, avg = 50.235, c: 24.498, d: 18.695, l: 0.831, junc:1.476, m:4.725, m_r:0.78 
[2024-10-25 10:07:39,789][    INFO] Iters: 146, Total loss: 45.755, avg = 49.646, c: 23.760, d: 18.812, l: 0.822, junc:1.480, m:4.764, m_r:0.78 
[2024-10-25 10:07:46,129][    INFO] Iters: 219, Total loss: 36.026, avg = 48.718, c: 22.844, d: 18.801, l: 0.820, junc:1.480, m:4.765, m_r:0.78 
[2024-10-25 10:07:52,503][    INFO] Iters: 292, Total loss: 44.897, avg = 48.731, c: 23.019, d: 18.633, l: 0.821, junc:1.478, m:4.772, m_r:0.78 
[2024-10-25 10:07:58,855][    INFO] Iters: 365, Total loss: 64.368, avg = 48.600, c: 23.022, d: 18.514, l: 0.814, junc:1.474, m:4.768, m_r:0.78 
[2024-10-25 10:08:05,006][    INFO] Iters: 438, Total loss: 49.156, avg = 48.266, c: 22.802, d: 18.407, l: 0.811, junc:1.471, m:4.766, m_r:0.78 
[2024-10-25 10:08:11,209][    INFO] Iters: 511, Total loss: 54.807, avg = 48.013, c: 22.605, d: 18.349, l: 0.812, junc:1.471, m:4.767, m_r:0.78 
[2024-10-25 10:08:17,622][    INFO] Iters: 584, Total loss: 43.956, avg = 48.301, c: 22.899, d: 18.344, l: 0.813, junc:1.470, m:4.766, m_r:0.78 
[2024-10-25 10:08:31,373][    INFO] Step: 18, f_score: 0.76323, recall: 0.96, precision: 0.64, sAP10: 24.25
 
[2024-10-25 10:08:31,445][    INFO] ===========> Epoch: 19, LR: 0.00010, Previous best fscore: 0.77, Previous sAP10: 24.52, epoch: 17.00
[2024-10-25 10:08:31,673][    INFO] Iters: 0, Total loss: 53.125, avg = 53.125, c: 21.075, d: 25.215, l: 0.820, junc:1.492, m:4.508, m_r:0.67 
[2024-10-25 10:08:38,187][    INFO] Iters: 73, Total loss: 40.014, avg = 45.935, c: 21.939, d: 17.002, l: 0.821, junc:1.472, m:4.694, m_r:0.79 
[2024-10-25 10:08:44,464][    INFO] Iters: 146, Total loss: 44.664, avg = 46.240, c: 21.954, d: 17.288, l: 0.818, junc:1.466, m:4.706, m_r:0.79 
[2024-10-25 10:08:50,531][    INFO] Iters: 219, Total loss: 48.523, avg = 47.026, c: 22.411, d: 17.615, l: 0.814, junc:1.460, m:4.718, m_r:0.78 
[2024-10-25 10:08:56,873][    INFO] Iters: 292, Total loss: 51.208, avg = 46.552, c: 22.109, d: 17.440, l: 0.814, junc:1.460, m:4.721, m_r:0.79 
[2024-10-25 10:09:02,864][    INFO] Iters: 365, Total loss: 48.154, avg = 46.418, c: 21.856, d: 17.552, l: 0.810, junc:1.457, m:4.735, m_r:0.79 
[2024-10-25 10:09:09,116][    INFO] Iters: 438, Total loss: 46.861, avg = 46.370, c: 21.843, d: 17.524, l: 0.807, junc:1.453, m:4.735, m_r:0.79 
[2024-10-25 10:09:15,422][    INFO] Iters: 511, Total loss: 48.587, avg = 46.543, c: 21.999, d: 17.541, l: 0.807, junc:1.455, m:4.733, m_r:0.79 
[2024-10-25 10:09:21,585][    INFO] Iters: 584, Total loss: 46.619, avg = 46.813, c: 22.057, d: 17.752, l: 0.808, junc:1.453, m:4.735, m_r:0.79 
[2024-10-25 10:09:35,345][    INFO] Step: 19, f_score: 0.74684, recall: 0.97, precision: 0.62, sAP10: 25.51
 
[2024-10-25 10:09:35,482][    INFO] ===========> Epoch: 20, LR: 0.00010, Previous best fscore: 0.77, Previous sAP10: 25.51, epoch: 19.00
[2024-10-25 10:09:35,701][    INFO] Iters: 0, Total loss: 61.686, avg = 61.686, c: 28.095, d: 26.620, l: 0.769, junc:1.417, m:4.775, m_r:0.75 
[2024-10-25 10:09:41,961][    INFO] Iters: 73, Total loss: 49.317, avg = 45.041, c: 20.604, d: 17.494, l: 0.793, junc:1.427, m:4.715, m_r:0.79 
[2024-10-25 10:09:48,236][    INFO] Iters: 146, Total loss: 44.655, avg = 46.037, c: 21.830, d: 17.228, l: 0.803, junc:1.437, m:4.731, m_r:0.79 
[2024-10-25 10:09:54,505][    INFO] Iters: 219, Total loss: 42.627, avg = 46.177, c: 22.060, d: 17.149, l: 0.800, junc:1.439, m:4.721, m_r:0.79 
[2024-10-25 10:10:01,105][    INFO] Iters: 292, Total loss: 50.612, avg = 46.437, c: 22.338, d: 17.128, l: 0.804, junc:1.442, m:4.716, m_r:0.79 
[2024-10-25 10:10:07,236][    INFO] Iters: 365, Total loss: 54.024, avg = 46.494, c: 22.337, d: 17.177, l: 0.803, junc:1.440, m:4.730, m_r:0.79 
[2024-10-25 10:10:13,258][    INFO] Iters: 438, Total loss: 46.212, avg = 46.644, c: 22.487, d: 17.178, l: 0.804, junc:1.439, m:4.729, m_r:0.79 
[2024-10-25 10:10:19,739][    INFO] Iters: 511, Total loss: 34.550, avg = 46.669, c: 22.454, d: 17.231, l: 0.805, junc:1.440, m:4.732, m_r:0.79 
[2024-10-25 10:10:25,927][    INFO] Iters: 584, Total loss: 42.249, avg = 46.683, c: 22.581, d: 17.123, l: 0.804, junc:1.438, m:4.729, m_r:0.79 
[2024-10-25 10:10:39,899][    INFO] Step: 20, f_score: 0.72794, recall: 0.97, precision: 0.59, sAP10: 25.13
 
[2024-10-25 10:10:39,971][    INFO] ===========> Epoch: 21, LR: 0.00010, Previous best fscore: 0.77, Previous sAP10: 25.51, epoch: 19.00
[2024-10-25 10:10:40,194][    INFO] Iters: 0, Total loss: 50.018, avg = 50.018, c: 24.146, d: 18.686, l: 0.760, junc:1.492, m:4.929, m_r:0.79 
[2024-10-25 10:10:46,337][    INFO] Iters: 73, Total loss: 55.546, avg = 45.558, c: 21.266, d: 17.303, l: 0.806, junc:1.430, m:4.746, m_r:0.80 
[2024-10-25 10:10:52,757][    INFO] Iters: 146, Total loss: 42.192, avg = 44.988, c: 21.048, d: 16.977, l: 0.807, junc:1.432, m:4.716, m_r:0.80 
[2024-10-25 10:10:59,259][    INFO] Iters: 219, Total loss: 48.075, avg = 45.689, c: 22.044, d: 16.673, l: 0.809, junc:1.435, m:4.720, m_r:0.80 
[2024-10-25 10:11:05,305][    INFO] Iters: 292, Total loss: 42.705, avg = 46.313, c: 22.628, d: 16.717, l: 0.804, junc:1.431, m:4.725, m_r:0.80 
[2024-10-25 10:11:11,919][    INFO] Iters: 365, Total loss: 43.735, avg = 46.439, c: 22.434, d: 17.029, l: 0.806, junc:1.435, m:4.727, m_r:0.80 
[2024-10-25 10:11:18,168][    INFO] Iters: 438, Total loss: 47.172, avg = 46.456, c: 22.385, d: 17.100, l: 0.805, junc:1.433, m:4.727, m_r:0.79 
[2024-10-25 10:11:24,331][    INFO] Iters: 511, Total loss: 126.173, avg = 46.541, c: 22.616, d: 16.957, l: 0.801, junc:1.429, m:4.730, m_r:0.80 
[2024-10-25 10:11:30,671][    INFO] Iters: 584, Total loss: 37.925, avg = 46.627, c: 22.688, d: 16.974, l: 0.801, junc:1.428, m:4.728, m_r:0.80 
[2024-10-25 10:11:44,409][    INFO] Step: 21, f_score: 0.74115, recall: 0.97, precision: 0.61, sAP10: 27.91
 
[2024-10-25 10:11:44,537][    INFO] ===========> Epoch: 22, LR: 0.00010, Previous best fscore: 0.77, Previous sAP10: 27.91, epoch: 21.00
[2024-10-25 10:11:44,750][    INFO] Iters: 0, Total loss: 44.049, avg = 44.049, c: 22.251, d: 14.797, l: 0.810, junc:1.457, m:4.726, m_r:0.85 
[2024-10-25 10:11:51,084][    INFO] Iters: 73, Total loss: 41.695, avg = 45.556, c: 22.392, d: 16.170, l: 0.820, junc:1.444, m:4.723, m_r:0.81 
[2024-10-25 10:11:57,205][    INFO] Iters: 146, Total loss: 44.548, avg = 44.666, c: 21.566, d: 16.162, l: 0.799, junc:1.426, m:4.706, m_r:0.81 
[2024-10-25 10:12:03,348][    INFO] Iters: 219, Total loss: 47.699, avg = 44.989, c: 21.788, d: 16.283, l: 0.796, junc:1.422, m:4.693, m_r:0.81 
[2024-10-25 10:12:09,450][    INFO] Iters: 292, Total loss: 56.018, avg = 45.162, c: 21.944, d: 16.281, l: 0.794, junc:1.422, m:4.715, m_r:0.81 
[2024-10-25 10:12:15,474][    INFO] Iters: 365, Total loss: 41.799, avg = 44.659, c: 21.603, d: 16.119, l: 0.791, junc:1.418, m:4.720, m_r:0.81 
[2024-10-25 10:12:21,859][    INFO] Iters: 438, Total loss: 47.626, avg = 44.550, c: 21.478, d: 16.135, l: 0.791, junc:1.419, m:4.720, m_r:0.81 
[2024-10-25 10:12:27,950][    INFO] Iters: 511, Total loss: 45.434, avg = 44.433, c: 21.388, d: 16.110, l: 0.790, junc:1.417, m:4.720, m_r:0.81 
[2024-10-25 10:12:33,956][    INFO] Iters: 584, Total loss: 52.099, avg = 44.374, c: 21.292, d: 16.152, l: 0.789, junc:1.416, m:4.718, m_r:0.81 
[2024-10-25 10:12:47,500][    INFO] Step: 22, f_score: 0.75467, recall: 0.97, precision: 0.63, sAP10: 29.48
 
[2024-10-25 10:12:47,637][    INFO] ===========> Epoch: 23, LR: 0.00010, Previous best fscore: 0.77, Previous sAP10: 29.48, epoch: 22.00
[2024-10-25 10:12:47,843][    INFO] Iters: 0, Total loss: 41.814, avg = 41.814, c: 20.013, d: 14.764, l: 0.803, junc:1.296, m:4.931, m_r:0.75 
[2024-10-25 10:12:54,053][    INFO] Iters: 73, Total loss: 46.456, avg = 45.432, c: 21.514, d: 16.999, l: 0.797, junc:1.422, m:4.694, m_r:0.79 
[2024-10-25 10:13:00,464][    INFO] Iters: 146, Total loss: 44.013, avg = 45.767, c: 22.287, d: 16.558, l: 0.802, junc:1.423, m:4.689, m_r:0.80 
[2024-10-25 10:13:06,768][    INFO] Iters: 219, Total loss: 40.310, avg = 45.122, c: 21.792, d: 16.417, l: 0.796, junc:1.414, m:4.695, m_r:0.81 
[2024-10-25 10:13:12,682][    INFO] Iters: 292, Total loss: 45.826, avg = 45.384, c: 22.220, d: 16.254, l: 0.793, junc:1.412, m:4.697, m_r:0.81 
[2024-10-25 10:13:18,785][    INFO] Iters: 365, Total loss: 37.067, avg = 44.874, c: 21.898, d: 16.060, l: 0.792, junc:1.410, m:4.706, m_r:0.81 
[2024-10-25 10:13:24,501][    INFO] Iters: 438, Total loss: 45.777, avg = 44.963, c: 21.957, d: 16.090, l: 0.790, junc:1.406, m:4.714, m_r:0.81 
[2024-10-25 10:13:30,808][    INFO] Iters: 511, Total loss: 50.156, avg = 45.163, c: 22.136, d: 16.101, l: 0.792, junc:1.411, m:4.716, m_r:0.81 
[2024-10-25 10:13:37,005][    INFO] Iters: 584, Total loss: 41.723, avg = 45.014, c: 22.112, d: 15.982, l: 0.790, junc:1.409, m:4.714, m_r:0.81 
[2024-10-25 10:13:50,630][    INFO] Step: 23, f_score: 0.75495, recall: 0.97, precision: 0.62, sAP10: 30.46
 
[2024-10-25 10:13:50,865][    INFO] ===========> Epoch: 24, LR: 0.00010, Previous best fscore: 0.77, Previous sAP10: 30.46, epoch: 23.00
[2024-10-25 10:13:51,090][    INFO] Iters: 0, Total loss: 45.010, avg = 45.010, c: 21.909, d: 16.222, l: 0.845, junc:1.480, m:4.547, m_r:0.84 
[2024-10-25 10:13:57,411][    INFO] Iters: 73, Total loss: 55.175, avg = 46.123, c: 23.532, d: 15.694, l: 0.795, junc:1.401, m:4.694, m_r:0.81 
[2024-10-25 10:14:03,451][    INFO] Iters: 146, Total loss: 54.178, avg = 45.213, c: 22.397, d: 15.900, l: 0.786, junc:1.400, m:4.723, m_r:0.81 
[2024-10-25 10:14:09,994][    INFO] Iters: 219, Total loss: 44.547, avg = 44.734, c: 22.259, d: 15.578, l: 0.785, junc:1.401, m:4.703, m_r:0.81 
[2024-10-25 10:14:16,402][    INFO] Iters: 292, Total loss: 44.909, avg = 45.104, c: 22.583, d: 15.629, l: 0.790, junc:1.405, m:4.689, m_r:0.81 
[2024-10-25 10:14:22,618][    INFO] Iters: 365, Total loss: 43.580, avg = 44.823, c: 22.254, d: 15.673, l: 0.788, junc:1.402, m:4.699, m_r:0.81 
[2024-10-25 10:14:28,697][    INFO] Iters: 438, Total loss: 47.046, avg = 44.485, c: 21.891, d: 15.699, l: 0.788, junc:1.399, m:4.702, m_r:0.81 
[2024-10-25 10:14:35,171][    INFO] Iters: 511, Total loss: 30.974, avg = 44.455, c: 21.855, d: 15.705, l: 0.789, junc:1.400, m:4.699, m_r:0.81 
[2024-10-25 10:14:41,414][    INFO] Iters: 584, Total loss: 49.503, avg = 44.473, c: 21.846, d: 15.736, l: 0.789, junc:1.399, m:4.696, m_r:0.81 
[2024-10-25 10:14:55,212][    INFO] Step: 24, f_score: 0.75169, recall: 0.97, precision: 0.62, sAP10: 30.47
 
[2024-10-25 10:14:55,324][    INFO] ===========> Epoch: 25, LR: 0.00010, Previous best fscore: 0.77, Previous sAP10: 30.47, epoch: 24.00
[2024-10-25 10:14:55,541][    INFO] Iters: 0, Total loss: 45.130, avg = 45.130, c: 20.745, d: 17.473, l: 0.779, junc:1.383, m:4.745, m_r:0.81 
[2024-10-25 10:15:01,589][    INFO] Iters: 73, Total loss: 41.926, avg = 41.853, c: 20.289, d: 14.695, l: 0.783, junc:1.385, m:4.694, m_r:0.82 
[2024-10-25 10:15:07,704][    INFO] Iters: 146, Total loss: 42.470, avg = 42.993, c: 21.337, d: 14.781, l: 0.779, junc:1.386, m:4.703, m_r:0.82 
[2024-10-25 10:15:14,017][    INFO] Iters: 219, Total loss: 48.170, avg = 43.845, c: 21.793, d: 15.175, l: 0.786, junc:1.390, m:4.693, m_r:0.82 
[2024-10-25 10:15:20,492][    INFO] Iters: 292, Total loss: 47.391, avg = 43.895, c: 21.801, d: 15.223, l: 0.789, junc:1.387, m:4.689, m_r:0.82 
[2024-10-25 10:15:26,812][    INFO] Iters: 365, Total loss: 44.552, avg = 44.275, c: 22.041, d: 15.363, l: 0.788, junc:1.388, m:4.688, m_r:0.82 
[2024-10-25 10:15:32,832][    INFO] Iters: 438, Total loss: 43.667, avg = 44.045, c: 21.880, d: 15.298, l: 0.785, junc:1.386, m:4.689, m_r:0.82 
[2024-10-25 10:15:39,004][    INFO] Iters: 511, Total loss: 34.945, avg = 43.835, c: 21.704, d: 15.270, l: 0.784, junc:1.386, m:4.684, m_r:0.82 
[2024-10-25 10:15:45,328][    INFO] Iters: 584, Total loss: 44.279, avg = 43.984, c: 21.756, d: 15.364, l: 0.786, junc:1.388, m:4.683, m_r:0.82 
[2024-10-25 10:15:59,015][    INFO] Step: 25, f_score: 0.75362, recall: 0.97, precision: 0.62, sAP10: 32.04
 
[2024-10-25 10:15:59,158][    INFO] ===========> Epoch: 26, LR: 0.00010, Previous best fscore: 0.77, Previous sAP10: 32.04, epoch: 25.00
[2024-10-25 10:15:59,374][    INFO] Iters: 0, Total loss: 40.760, avg = 40.760, c: 19.679, d: 13.925, l: 0.750, junc:1.367, m:5.033, m_r:0.81 
[2024-10-25 10:16:05,619][    INFO] Iters: 73, Total loss: 39.083, avg = 43.432, c: 21.911, d: 14.677, l: 0.795, junc:1.392, m:4.651, m_r:0.82 
[2024-10-25 10:16:11,714][    INFO] Iters: 146, Total loss: 33.219, avg = 42.396, c: 20.953, d: 14.608, l: 0.784, junc:1.386, m:4.659, m_r:0.83 
[2024-10-25 10:16:17,796][    INFO] Iters: 219, Total loss: 35.874, avg = 42.786, c: 21.264, d: 14.691, l: 0.780, junc:1.381, m:4.663, m_r:0.83 
[2024-10-25 10:16:24,043][    INFO] Iters: 292, Total loss: 46.650, avg = 42.650, c: 21.002, d: 14.802, l: 0.783, junc:1.383, m:4.673, m_r:0.82 
[2024-10-25 10:16:30,035][    INFO] Iters: 365, Total loss: 38.261, avg = 42.987, c: 21.192, d: 14.948, l: 0.781, junc:1.385, m:4.673, m_r:0.82 
[2024-10-25 10:16:36,372][    INFO] Iters: 438, Total loss: 43.763, avg = 43.344, c: 21.484, d: 15.015, l: 0.782, junc:1.386, m:4.671, m_r:0.82 
[2024-10-25 10:16:42,740][    INFO] Iters: 511, Total loss: 45.956, avg = 43.644, c: 21.678, d: 15.112, l: 0.784, junc:1.388, m:4.675, m_r:0.82 
[2024-10-25 10:16:49,123][    INFO] Iters: 584, Total loss: 40.401, avg = 43.705, c: 21.702, d: 15.149, l: 0.783, junc:1.385, m:4.680, m_r:0.82 
[2024-10-25 10:17:02,822][    INFO] Step: 26, f_score: 0.75883, recall: 0.97, precision: 0.63, sAP10: 30.05
 
[2024-10-25 10:17:02,889][    INFO] ===========> Epoch: 27, LR: 0.00010, Previous best fscore: 0.77, Previous sAP10: 32.04, epoch: 25.00
[2024-10-25 10:17:03,105][    INFO] Iters: 0, Total loss: 35.687, avg = 35.687, c: 19.987, d: 9.223, l: 0.781, junc:1.367, m:4.324, m_r:0.88 
[2024-10-25 10:17:09,160][    INFO] Iters: 73, Total loss: 61.011, avg = 42.009, c: 21.058, d: 14.122, l: 0.763, junc:1.369, m:4.690, m_r:0.84 
[2024-10-25 10:17:15,390][    INFO] Iters: 146, Total loss: 34.984, avg = 41.484, c: 20.191, d: 14.457, l: 0.774, junc:1.368, m:4.687, m_r:0.84 
[2024-10-25 10:17:21,648][    INFO] Iters: 219, Total loss: 39.083, avg = 41.759, c: 20.385, d: 14.540, l: 0.775, junc:1.370, m:4.684, m_r:0.84 
[2024-10-25 10:17:27,848][    INFO] Iters: 292, Total loss: 42.636, avg = 41.686, c: 20.200, d: 14.654, l: 0.774, junc:1.369, m:4.683, m_r:0.83 
[2024-10-25 10:17:34,039][    INFO] Iters: 365, Total loss: 35.288, avg = 41.977, c: 20.506, d: 14.638, l: 0.777, junc:1.372, m:4.678, m_r:0.83 
[2024-10-25 10:17:40,545][    INFO] Iters: 438, Total loss: 43.756, avg = 42.449, c: 20.879, d: 14.730, l: 0.780, junc:1.375, m:4.679, m_r:0.83 
[2024-10-25 10:17:46,610][    INFO] Iters: 511, Total loss: 41.295, avg = 42.641, c: 21.046, d: 14.762, l: 0.779, junc:1.374, m:4.675, m_r:0.83 
[2024-10-25 10:17:52,818][    INFO] Iters: 584, Total loss: 42.541, avg = 42.610, c: 20.928, d: 14.849, l: 0.779, junc:1.374, m:4.674, m_r:0.83 
[2024-10-25 10:18:06,620][    INFO] Step: 27, f_score: 0.76389, recall: 0.97, precision: 0.64, sAP10: 31.68
 
[2024-10-25 10:18:06,696][    INFO] ===========> Epoch: 28, LR: 0.00010, Previous best fscore: 0.77, Previous sAP10: 32.04, epoch: 25.00
[2024-10-25 10:18:06,936][    INFO] Iters: 0, Total loss: 40.464, avg = 40.464, c: 18.854, d: 14.818, l: 0.706, junc:1.357, m:4.724, m_r:0.80 
[2024-10-25 10:18:13,313][    INFO] Iters: 73, Total loss: 40.210, avg = 43.371, c: 22.099, d: 14.457, l: 0.779, junc:1.378, m:4.653, m_r:0.83 
[2024-10-25 10:18:19,728][    INFO] Iters: 146, Total loss: 34.456, avg = 42.783, c: 21.586, d: 14.394, l: 0.780, junc:1.377, m:4.639, m_r:0.83 
[2024-10-25 10:18:25,732][    INFO] Iters: 219, Total loss: 38.249, avg = 42.857, c: 21.773, d: 14.274, l: 0.776, junc:1.370, m:4.657, m_r:0.83 
[2024-10-25 10:18:32,027][    INFO] Iters: 292, Total loss: 56.514, avg = 42.621, c: 21.591, d: 14.206, l: 0.776, junc:1.374, m:4.666, m_r:0.83 
[2024-10-25 10:18:38,373][    INFO] Iters: 365, Total loss: 32.953, avg = 42.844, c: 21.646, d: 14.385, l: 0.778, junc:1.374, m:4.655, m_r:0.83 
[2024-10-25 10:18:44,379][    INFO] Iters: 438, Total loss: 39.838, avg = 43.186, c: 21.717, d: 14.644, l: 0.778, junc:1.372, m:4.668, m_r:0.83 
[2024-10-25 10:18:50,568][    INFO] Iters: 511, Total loss: 50.187, avg = 43.239, c: 21.747, d: 14.672, l: 0.777, junc:1.369, m:4.667, m_r:0.83 
[2024-10-25 10:18:57,050][    INFO] Iters: 584, Total loss: 45.121, avg = 43.405, c: 21.910, d: 14.675, l: 0.778, junc:1.371, m:4.665, m_r:0.83 
[2024-10-25 10:19:10,784][    INFO] Step: 28, f_score: 0.75364, recall: 0.97, precision: 0.63, sAP10: 29.18
 
[2024-10-25 10:19:10,853][    INFO] ===========> Epoch: 29, LR: 0.00010, Previous best fscore: 0.77, Previous sAP10: 32.04, epoch: 25.00
[2024-10-25 10:19:11,070][    INFO] Iters: 0, Total loss: 47.880, avg = 47.880, c: 20.314, d: 21.095, l: 0.649, junc:1.113, m:4.697, m_r:0.74 
[2024-10-25 10:19:17,562][    INFO] Iters: 73, Total loss: 40.875, avg = 43.733, c: 22.596, d: 14.334, l: 0.779, junc:1.362, m:4.657, m_r:0.84 
[2024-10-25 10:19:23,820][    INFO] Iters: 146, Total loss: 33.336, avg = 41.830, c: 20.980, d: 14.056, l: 0.772, junc:1.357, m:4.658, m_r:0.84 
[2024-10-25 10:19:30,426][    INFO] Iters: 219, Total loss: 39.181, avg = 41.638, c: 20.688, d: 14.154, l: 0.774, junc:1.362, m:4.655, m_r:0.84 
[2024-10-25 10:19:36,746][    INFO] Iters: 292, Total loss: 44.770, avg = 42.013, c: 20.848, d: 14.362, l: 0.778, junc:1.365, m:4.653, m_r:0.83 
[2024-10-25 10:19:42,766][    INFO] Iters: 365, Total loss: 40.389, avg = 42.077, c: 20.850, d: 14.419, l: 0.775, junc:1.362, m:4.663, m_r:0.83 
[2024-10-25 10:19:49,185][    INFO] Iters: 438, Total loss: 43.142, avg = 41.807, c: 20.588, d: 14.426, l: 0.773, junc:1.362, m:4.651, m_r:0.83 
[2024-10-25 10:19:55,276][    INFO] Iters: 511, Total loss: 45.031, avg = 41.726, c: 20.477, d: 14.459, l: 0.771, junc:1.358, m:4.653, m_r:0.83 
[2024-10-25 10:20:01,779][    INFO] Iters: 584, Total loss: 55.947, avg = 42.249, c: 21.002, d: 14.451, l: 0.775, junc:1.360, m:4.653, m_r:0.83 
[2024-10-25 10:20:15,638][    INFO] Step: 29, f_score: 0.75208, recall: 0.97, precision: 0.62, sAP10: 29.48
 
[2024-10-25 10:20:15,711][    INFO] ===========> Epoch: 30, LR: 0.00010, Previous best fscore: 0.77, Previous sAP10: 32.04, epoch: 25.00
[2024-10-25 10:20:15,951][    INFO] Iters: 0, Total loss: 44.638, avg = 44.638, c: 23.860, d: 14.007, l: 0.927, junc:1.461, m:4.377, m_r:0.84 
[2024-10-25 10:20:22,049][    INFO] Iters: 73, Total loss: 39.192, avg = 43.599, c: 22.117, d: 14.704, l: 0.773, junc:1.360, m:4.639, m_r:0.83 
[2024-10-25 10:20:28,113][    INFO] Iters: 146, Total loss: 36.911, avg = 42.466, c: 21.338, d: 14.350, l: 0.772, junc:1.359, m:4.641, m_r:0.83 
[2024-10-25 10:20:34,306][    INFO] Iters: 219, Total loss: 33.872, avg = 42.535, c: 21.254, d: 14.485, l: 0.775, junc:1.363, m:4.652, m_r:0.83 
[2024-10-25 10:20:40,465][    INFO] Iters: 292, Total loss: 54.591, avg = 42.439, c: 21.208, d: 14.434, l: 0.774, junc:1.358, m:4.659, m_r:0.83 
[2024-10-25 10:20:46,607][    INFO] Iters: 365, Total loss: 34.040, avg = 42.277, c: 21.110, d: 14.370, l: 0.774, junc:1.360, m:4.656, m_r:0.83 
[2024-10-25 10:20:52,903][    INFO] Iters: 438, Total loss: 33.284, avg = 42.048, c: 21.101, d: 14.163, l: 0.772, junc:1.358, m:4.648, m_r:0.83 
[2024-10-25 10:20:58,956][    INFO] Iters: 511, Total loss: 38.222, avg = 41.869, c: 20.957, d: 14.131, l: 0.772, junc:1.357, m:4.646, m_r:0.84 
[2024-10-25 10:21:04,965][    INFO] Iters: 584, Total loss: 40.004, avg = 42.093, c: 21.135, d: 14.176, l: 0.773, junc:1.357, m:4.645, m_r:0.84 
[2024-10-25 10:21:18,465][    INFO] Step: 30, f_score: 0.75736, recall: 0.97, precision: 0.63, sAP10: 33.64
 
[2024-10-25 10:21:18,654][    INFO] ===========> Epoch: 31, LR: 0.00010, Previous best fscore: 0.77, Previous sAP10: 33.64, epoch: 30.00
[2024-10-25 10:21:18,825][    INFO] Iters: 0, Total loss: 43.560, avg = 43.560, c: 21.446, d: 15.251, l: 0.588, junc:1.222, m:5.047, m_r:0.92 
[2024-10-25 10:21:25,021][    INFO] Iters: 73, Total loss: 43.433, avg = 39.915, c: 19.279, d: 13.856, l: 0.756, junc:1.341, m:4.677, m_r:0.85 
[2024-10-25 10:21:31,398][    INFO] Iters: 146, Total loss: 43.313, avg = 41.348, c: 20.606, d: 13.975, l: 0.766, junc:1.348, m:4.647, m_r:0.84 
[2024-10-25 10:21:37,494][    INFO] Iters: 219, Total loss: 38.455, avg = 41.131, c: 20.576, d: 13.784, l: 0.772, junc:1.353, m:4.640, m_r:0.85 
[2024-10-25 10:21:43,933][    INFO] Iters: 292, Total loss: 42.132, avg = 41.174, c: 20.598, d: 13.811, l: 0.770, junc:1.351, m:4.637, m_r:0.84 
[2024-10-25 10:21:50,322][    INFO] Iters: 365, Total loss: 32.916, avg = 41.132, c: 20.463, d: 13.895, l: 0.772, junc:1.354, m:4.642, m_r:0.84 
[2024-10-25 10:21:56,542][    INFO] Iters: 438, Total loss: 38.723, avg = 41.685, c: 21.007, d: 13.908, l: 0.772, junc:1.354, m:4.638, m_r:0.84 
[2024-10-25 10:22:02,713][    INFO] Iters: 511, Total loss: 43.828, avg = 41.656, c: 21.028, d: 13.865, l: 0.771, junc:1.352, m:4.633, m_r:0.84 
[2024-10-25 10:22:08,992][    INFO] Iters: 584, Total loss: 42.587, avg = 41.626, c: 20.866, d: 13.995, l: 0.770, junc:1.352, m:4.637, m_r:0.84 
[2024-10-25 10:22:22,596][    INFO] Step: 31, f_score: 0.75165, recall: 0.97, precision: 0.62, sAP10: 34.08
 
[2024-10-25 10:22:22,731][    INFO] ===========> Epoch: 32, LR: 0.00010, Previous best fscore: 0.77, Previous sAP10: 34.08, epoch: 31.00
[2024-10-25 10:22:22,991][    INFO] Iters: 0, Total loss: 38.312, avg = 38.312, c: 18.713, d: 13.040, l: 0.850, junc:1.475, m:4.229, m_r:0.86 
[2024-10-25 10:22:29,248][    INFO] Iters: 73, Total loss: 35.917, avg = 43.115, c: 22.476, d: 13.887, l: 0.777, junc:1.367, m:4.602, m_r:0.84 
[2024-10-25 10:22:35,656][    INFO] Iters: 146, Total loss: 34.953, avg = 43.775, c: 22.998, d: 14.026, l: 0.780, junc:1.362, m:4.603, m_r:0.84 
[2024-10-25 10:22:41,987][    INFO] Iters: 219, Total loss: 41.167, avg = 43.065, c: 22.442, d: 13.856, l: 0.780, junc:1.364, m:4.617, m_r:0.84 
[2024-10-25 10:22:48,417][    INFO] Iters: 292, Total loss: 41.999, avg = 43.204, c: 22.290, d: 14.136, l: 0.784, junc:1.362, m:4.625, m_r:0.83 
[2024-10-25 10:22:54,218][    INFO] Iters: 365, Total loss: 34.312, avg = 42.586, c: 21.748, d: 14.070, l: 0.779, junc:1.358, m:4.625, m_r:0.83 
[2024-10-25 10:23:00,448][    INFO] Iters: 438, Total loss: 48.513, avg = 42.561, c: 21.804, d: 13.994, l: 0.776, junc:1.355, m:4.626, m_r:0.83 
[2024-10-25 10:23:06,702][    INFO] Iters: 511, Total loss: 33.563, avg = 42.083, c: 21.453, d: 13.877, l: 0.771, junc:1.351, m:4.625, m_r:0.84 
[2024-10-25 10:23:13,064][    INFO] Iters: 584, Total loss: 52.281, avg = 42.344, c: 21.673, d: 13.914, l: 0.773, junc:1.351, m:4.626, m_r:0.84 
[2024-10-25 10:23:26,987][    INFO] Step: 32, f_score: 0.75041, recall: 0.97, precision: 0.62, sAP10: 31.96
 
[2024-10-25 10:23:27,052][    INFO] ===========> Epoch: 33, LR: 0.00010, Previous best fscore: 0.77, Previous sAP10: 34.08, epoch: 31.00
[2024-10-25 10:23:27,283][    INFO] Iters: 0, Total loss: 39.196, avg = 39.196, c: 21.251, d: 11.196, l: 0.783, junc:1.346, m:4.615, m_r:0.87 
[2024-10-25 10:23:33,342][    INFO] Iters: 73, Total loss: 46.133, avg = 42.394, c: 22.614, d: 13.094, l: 0.756, junc:1.330, m:4.595, m_r:0.84 
[2024-10-25 10:23:39,757][    INFO] Iters: 146, Total loss: 47.475, avg = 42.488, c: 22.336, d: 13.439, l: 0.764, junc:1.339, m:4.603, m_r:0.84 
[2024-10-25 10:23:46,078][    INFO] Iters: 219, Total loss: 39.945, avg = 41.532, c: 21.496, d: 13.331, l: 0.765, junc:1.339, m:4.595, m_r:0.84 
[2024-10-25 10:23:52,430][    INFO] Iters: 292, Total loss: 37.717, avg = 41.701, c: 21.468, d: 13.515, l: 0.770, junc:1.342, m:4.601, m_r:0.84 
[2024-10-25 10:23:58,288][    INFO] Iters: 365, Total loss: 39.148, avg = 41.780, c: 21.366, d: 13.693, l: 0.768, junc:1.340, m:4.607, m_r:0.84 
[2024-10-25 10:24:04,611][    INFO] Iters: 438, Total loss: 36.790, avg = 41.499, c: 21.086, d: 13.685, l: 0.766, junc:1.341, m:4.615, m_r:0.84 
[2024-10-25 10:24:10,727][    INFO] Iters: 511, Total loss: 35.479, avg = 41.621, c: 21.213, d: 13.675, l: 0.767, junc:1.343, m:4.617, m_r:0.84 
[2024-10-25 10:24:17,050][    INFO] Iters: 584, Total loss: 43.997, avg = 41.423, c: 20.991, d: 13.702, l: 0.767, junc:1.344, m:4.614, m_r:0.84 
[2024-10-25 10:24:30,579][    INFO] Step: 33, f_score: 0.74666, recall: 0.98, precision: 0.61, sAP10: 34.59
 
[2024-10-25 10:24:30,706][    INFO] ===========> Epoch: 34, LR: 0.00010, Previous best fscore: 0.77, Previous sAP10: 34.59, epoch: 33.00
[2024-10-25 10:24:30,916][    INFO] Iters: 0, Total loss: 42.490, avg = 42.490, c: 21.908, d: 14.181, l: 0.715, junc:1.364, m:4.316, m_r:0.83 
[2024-10-25 10:24:37,025][    INFO] Iters: 73, Total loss: 40.729, avg = 39.322, c: 19.105, d: 13.506, l: 0.755, junc:1.326, m:4.624, m_r:0.85 
[2024-10-25 10:24:43,411][    INFO] Iters: 146, Total loss: 32.608, avg = 39.996, c: 19.403, d: 13.856, l: 0.771, junc:1.345, m:4.615, m_r:0.84 
[2024-10-25 10:24:49,571][    INFO] Iters: 219, Total loss: 31.568, avg = 40.171, c: 19.851, d: 13.603, l: 0.764, junc:1.341, m:4.606, m_r:0.85 
[2024-10-25 10:24:55,872][    INFO] Iters: 292, Total loss: 52.339, avg = 41.108, c: 20.663, d: 13.724, l: 0.768, junc:1.344, m:4.603, m_r:0.84 
[2024-10-25 10:25:02,198][    INFO] Iters: 365, Total loss: 43.025, avg = 41.375, c: 20.977, d: 13.681, l: 0.768, junc:1.342, m:4.603, m_r:0.84 
[2024-10-25 10:25:08,185][    INFO] Iters: 438, Total loss: 35.507, avg = 41.254, c: 20.990, d: 13.561, l: 0.765, junc:1.338, m:4.594, m_r:0.84 
[2024-10-25 10:25:14,474][    INFO] Iters: 511, Total loss: 33.921, avg = 41.160, c: 20.841, d: 13.611, l: 0.766, junc:1.339, m:4.598, m_r:0.84 
[2024-10-25 10:25:20,664][    INFO] Iters: 584, Total loss: 31.832, avg = 41.158, c: 20.895, d: 13.556, l: 0.765, junc:1.337, m:4.600, m_r:0.84 
[2024-10-25 10:25:34,438][    INFO] Step: 34, f_score: 0.76087, recall: 0.97, precision: 0.64, sAP10: 33.91
 
[2024-10-25 10:25:34,512][    INFO] ===========> Epoch: 35, LR: 0.00010, Previous best fscore: 0.77, Previous sAP10: 34.59, epoch: 33.00
[2024-10-25 10:25:34,758][    INFO] Iters: 0, Total loss: 37.747, avg = 37.747, c: 19.195, d: 11.789, l: 0.850, junc:1.430, m:4.478, m_r:0.88 
[2024-10-25 10:25:41,051][    INFO] Iters: 73, Total loss: 41.333, avg = 40.734, c: 20.851, d: 13.187, l: 0.767, junc:1.333, m:4.590, m_r:0.85 
[2024-10-25 10:25:47,128][    INFO] Iters: 146, Total loss: 45.724, avg = 41.566, c: 21.479, d: 13.408, l: 0.765, junc:1.332, m:4.576, m_r:0.84 
[2024-10-25 10:25:53,197][    INFO] Iters: 219, Total loss: 34.497, avg = 40.738, c: 20.700, d: 13.366, l: 0.761, junc:1.331, m:4.574, m_r:0.84 
[2024-10-25 10:25:59,452][    INFO] Iters: 292, Total loss: 36.654, avg = 41.021, c: 20.949, d: 13.392, l: 0.762, junc:1.333, m:4.580, m_r:0.85 
[2024-10-25 10:26:05,759][    INFO] Iters: 365, Total loss: 38.615, avg = 41.017, c: 20.866, d: 13.447, l: 0.764, junc:1.333, m:4.601, m_r:0.85 
[2024-10-25 10:26:12,016][    INFO] Iters: 438, Total loss: 35.147, avg = 40.814, c: 20.670, d: 13.440, l: 0.765, junc:1.334, m:4.599, m_r:0.85 
[2024-10-25 10:26:18,282][    INFO] Iters: 511, Total loss: 41.927, avg = 40.832, c: 20.709, d: 13.424, l: 0.766, junc:1.335, m:4.594, m_r:0.85 
[2024-10-25 10:26:24,684][    INFO] Iters: 584, Total loss: 38.065, avg = 40.626, c: 20.525, d: 13.407, l: 0.765, junc:1.334, m:4.590, m_r:0.85 
[2024-10-25 10:26:37,938][    INFO] Step: 35, f_score: 0.74092, recall: 0.98, precision: 0.61, sAP10: 35.06
 
[2024-10-25 10:26:38,075][    INFO] ===========> Epoch: 36, LR: 0.00010, Previous best fscore: 0.77, Previous sAP10: 35.06, epoch: 35.00
[2024-10-25 10:26:38,315][    INFO] Iters: 0, Total loss: 36.493, avg = 36.493, c: 17.436, d: 12.482, l: 0.762, junc:1.234, m:4.574, m_r:0.85 
[2024-10-25 10:26:44,592][    INFO] Iters: 73, Total loss: 40.078, avg = 39.164, c: 19.115, d: 13.377, l: 0.756, junc:1.330, m:4.580, m_r:0.85 
[2024-10-25 10:26:50,868][    INFO] Iters: 146, Total loss: 33.670, avg = 40.571, c: 20.533, d: 13.359, l: 0.764, junc:1.330, m:4.580, m_r:0.85 
[2024-10-25 10:26:57,512][    INFO] Iters: 219, Total loss: 32.365, avg = 40.189, c: 20.151, d: 13.343, l: 0.772, junc:1.339, m:4.579, m_r:0.85 
[2024-10-25 10:27:03,703][    INFO] Iters: 292, Total loss: 42.160, avg = 40.025, c: 20.052, d: 13.276, l: 0.767, junc:1.335, m:4.590, m_r:0.85 
[2024-10-25 10:27:09,770][    INFO] Iters: 365, Total loss: 42.825, avg = 40.461, c: 20.601, d: 13.166, l: 0.764, junc:1.330, m:4.593, m_r:0.85 
[2024-10-25 10:27:15,893][    INFO] Iters: 438, Total loss: 36.371, avg = 40.479, c: 20.658, d: 13.124, l: 0.766, junc:1.333, m:4.592, m_r:0.85 
[2024-10-25 10:27:22,211][    INFO] Iters: 511, Total loss: 35.555, avg = 40.628, c: 20.718, d: 13.215, l: 0.764, junc:1.332, m:4.592, m_r:0.85 
[2024-10-25 10:27:27,992][    INFO] Iters: 584, Total loss: 39.157, avg = 40.494, c: 20.537, d: 13.263, l: 0.762, junc:1.330, m:4.596, m_r:0.85 
[2024-10-25 10:27:41,776][    INFO] Step: 36, f_score: 0.75794, recall: 0.97, precision: 0.63, sAP10: 35.50
 
[2024-10-25 10:27:41,954][    INFO] ===========> Epoch: 37, LR: 0.00010, Previous best fscore: 0.77, Previous sAP10: 35.50, epoch: 36.00
[2024-10-25 10:27:42,153][    INFO] Iters: 0, Total loss: 38.299, avg = 38.299, c: 18.180, d: 13.406, l: 0.590, junc:1.192, m:4.924, m_r:0.88 
[2024-10-25 10:27:48,195][    INFO] Iters: 73, Total loss: 37.120, avg = 44.502, c: 23.545, d: 14.244, l: 0.775, junc:1.345, m:4.587, m_r:0.83 
[2024-10-25 10:27:54,413][    INFO] Iters: 146, Total loss: 37.252, avg = 42.209, c: 21.441, d: 14.057, l: 0.767, junc:1.334, m:4.604, m_r:0.84 
[2024-10-25 10:28:00,648][    INFO] Iters: 219, Total loss: 51.674, avg = 41.379, c: 20.821, d: 13.860, l: 0.766, junc:1.333, m:4.594, m_r:0.84 
[2024-10-25 10:28:06,830][    INFO] Iters: 292, Total loss: 37.879, avg = 40.714, c: 20.400, d: 13.626, l: 0.763, junc:1.330, m:4.590, m_r:0.85 
[2024-10-25 10:28:13,063][    INFO] Iters: 365, Total loss: 32.944, avg = 40.265, c: 20.127, d: 13.450, l: 0.764, junc:1.331, m:4.588, m_r:0.85 
[2024-10-25 10:28:19,208][    INFO] Iters: 438, Total loss: 34.869, avg = 39.848, c: 19.904, d: 13.262, l: 0.762, junc:1.326, m:4.588, m_r:0.85 
[2024-10-25 10:28:25,468][    INFO] Iters: 511, Total loss: 39.322, avg = 40.031, c: 20.036, d: 13.318, l: 0.761, junc:1.326, m:4.585, m_r:0.85 
[2024-10-25 10:28:31,475][    INFO] Iters: 584, Total loss: 44.341, avg = 40.136, c: 20.262, d: 13.199, l: 0.761, junc:1.325, m:4.583, m_r:0.85 
[2024-10-25 10:28:45,291][    INFO] Step: 37, f_score: 0.75536, recall: 0.97, precision: 0.63, sAP10: 33.30
 
[2024-10-25 10:28:45,349][    INFO] ===========> Epoch: 38, LR: 0.00010, Previous best fscore: 0.77, Previous sAP10: 35.50, epoch: 36.00
[2024-10-25 10:28:45,606][    INFO] Iters: 0, Total loss: 42.505, avg = 42.505, c: 22.026, d: 13.395, l: 1.015, junc:1.386, m:4.678, m_r:0.82 
[2024-10-25 10:28:51,906][    INFO] Iters: 73, Total loss: 41.855, avg = 40.222, c: 20.480, d: 13.043, l: 0.768, junc:1.331, m:4.594, m_r:0.85 
[2024-10-25 10:28:58,134][    INFO] Iters: 146, Total loss: 35.709, avg = 39.749, c: 19.896, d: 13.160, l: 0.763, junc:1.322, m:4.603, m_r:0.85 
[2024-10-25 10:29:04,464][    INFO] Iters: 219, Total loss: 36.243, avg = 40.242, c: 20.550, d: 13.004, l: 0.766, junc:1.325, m:4.591, m_r:0.85 
[2024-10-25 10:29:10,761][    INFO] Iters: 292, Total loss: 31.852, avg = 39.981, c: 20.239, d: 13.060, l: 0.764, junc:1.322, m:4.590, m_r:0.85 
[2024-10-25 10:29:17,139][    INFO] Iters: 365, Total loss: 36.163, avg = 39.883, c: 20.041, d: 13.167, l: 0.767, junc:1.324, m:4.578, m_r:0.85 
[2024-10-25 10:29:23,274][    INFO] Iters: 438, Total loss: 34.178, avg = 40.076, c: 20.362, d: 13.033, l: 0.765, junc:1.325, m:4.584, m_r:0.85 
[2024-10-25 10:29:29,501][    INFO] Iters: 511, Total loss: 36.905, avg = 40.227, c: 20.516, d: 13.036, l: 0.763, junc:1.323, m:4.585, m_r:0.85 
[2024-10-25 10:29:35,890][    INFO] Iters: 584, Total loss: 34.770, avg = 40.434, c: 20.677, d: 13.084, l: 0.763, junc:1.324, m:4.581, m_r:0.85 
[2024-10-25 10:29:49,815][    INFO] Step: 38, f_score: 0.75375, recall: 0.97, precision: 0.62, sAP10: 34.83
 
[2024-10-25 10:29:49,883][    INFO] ===========> Epoch: 39, LR: 0.00010, Previous best fscore: 0.77, Previous sAP10: 35.50, epoch: 36.00
[2024-10-25 10:29:50,077][    INFO] Iters: 0, Total loss: 41.586, avg = 41.586, c: 21.230, d: 13.551, l: 0.763, junc:1.430, m:4.607, m_r:0.86 
[2024-10-25 10:29:56,425][    INFO] Iters: 73, Total loss: 44.921, avg = 40.909, c: 21.323, d: 12.925, l: 0.758, junc:1.326, m:4.571, m_r:0.85 
[2024-10-25 10:30:02,369][    INFO] Iters: 146, Total loss: 42.536, avg = 40.356, c: 20.644, d: 13.052, l: 0.755, junc:1.320, m:4.581, m_r:0.85 
[2024-10-25 10:30:08,774][    INFO] Iters: 219, Total loss: 46.164, avg = 40.177, c: 20.548, d: 12.976, l: 0.757, junc:1.320, m:4.571, m_r:0.85 
[2024-10-25 10:30:15,311][    INFO] Iters: 292, Total loss: 31.445, avg = 40.408, c: 20.539, d: 13.203, l: 0.765, junc:1.324, m:4.572, m_r:0.85 
[2024-10-25 10:30:21,411][    INFO] Iters: 365, Total loss: 36.770, avg = 40.620, c: 20.883, d: 13.076, l: 0.764, junc:1.323, m:4.569, m_r:0.85 
[2024-10-25 10:30:27,473][    INFO] Iters: 438, Total loss: 38.287, avg = 40.767, c: 20.998, d: 13.110, l: 0.764, junc:1.320, m:4.570, m_r:0.85 
[2024-10-25 10:30:33,664][    INFO] Iters: 511, Total loss: 37.392, avg = 40.525, c: 20.779, d: 13.089, l: 0.763, junc:1.319, m:4.569, m_r:0.85 
[2024-10-25 10:30:40,040][    INFO] Iters: 584, Total loss: 38.060, avg = 40.291, c: 20.674, d: 12.971, l: 0.761, junc:1.319, m:4.561, m_r:0.85 
[2024-10-25 10:30:53,990][    INFO] Step: 39, f_score: 0.74928, recall: 0.98, precision: 0.62, sAP10: 35.87
 
[2024-10-25 10:30:54,182][    INFO] ===========> Epoch: 40, LR: 0.00010, Previous best fscore: 0.77, Previous sAP10: 35.87, epoch: 39.00
[2024-10-25 10:30:54,450][    INFO] Iters: 0, Total loss: 36.246, avg = 36.246, c: 18.050, d: 11.971, l: 0.834, junc:1.387, m:3.996, m_r:0.86 
[2024-10-25 10:31:00,891][    INFO] Iters: 73, Total loss: 42.593, avg = 38.249, c: 18.821, d: 12.803, l: 0.756, junc:1.322, m:4.542, m_r:0.86 
[2024-10-25 10:31:07,122][    INFO] Iters: 146, Total loss: 38.592, avg = 37.902, c: 19.103, d: 12.185, l: 0.753, junc:1.312, m:4.544, m_r:0.87 
[2024-10-25 10:31:13,464][    INFO] Iters: 219, Total loss: 95.855, avg = 38.842, c: 19.750, d: 12.472, l: 0.751, junc:1.310, m:4.554, m_r:0.86 
[2024-10-25 10:31:19,839][    INFO] Iters: 292, Total loss: 40.223, avg = 38.744, c: 19.665, d: 12.451, l: 0.753, junc:1.314, m:4.556, m_r:0.86 
[2024-10-25 10:31:26,267][    INFO] Iters: 365, Total loss: 32.653, avg = 38.713, c: 19.512, d: 12.573, l: 0.757, junc:1.316, m:4.549, m_r:0.86 
[2024-10-25 10:31:32,293][    INFO] Iters: 438, Total loss: 42.839, avg = 38.760, c: 19.540, d: 12.581, l: 0.756, junc:1.316, m:4.562, m_r:0.86 
[2024-10-25 10:31:38,414][    INFO] Iters: 511, Total loss: 35.148, avg = 38.919, c: 19.555, d: 12.720, l: 0.757, junc:1.316, m:4.566, m_r:0.86 
[2024-10-25 10:31:44,777][    INFO] Iters: 584, Total loss: 32.970, avg = 38.909, c: 19.522, d: 12.740, l: 0.758, junc:1.317, m:4.566, m_r:0.86 
[2024-10-25 10:31:58,481][    INFO] Step: 40, f_score: 0.75146, recall: 0.98, precision: 0.62, sAP10: 36.93
 
[2024-10-25 10:31:58,679][    INFO] ===========> Epoch: 41, LR: 0.00010, Previous best fscore: 0.77, Previous sAP10: 36.93, epoch: 40.00
[2024-10-25 10:31:58,901][    INFO] Iters: 0, Total loss: 35.328, avg = 35.328, c: 19.428, d: 9.380, l: 0.739, junc:1.335, m:4.442, m_r:0.91 
[2024-10-25 10:32:05,044][    INFO] Iters: 73, Total loss: 40.931, avg = 41.721, c: 22.295, d: 12.859, l: 0.754, junc:1.304, m:4.504, m_r:0.86 
[2024-10-25 10:32:11,524][    INFO] Iters: 146, Total loss: 33.354, avg = 39.820, c: 20.633, d: 12.581, l: 0.755, junc:1.304, m:4.541, m_r:0.86 
[2024-10-25 10:32:17,626][    INFO] Iters: 219, Total loss: 29.908, avg = 39.235, c: 20.093, d: 12.511, l: 0.755, junc:1.307, m:4.564, m_r:0.86 
[2024-10-25 10:32:24,220][    INFO] Iters: 292, Total loss: 45.927, avg = 39.238, c: 20.175, d: 12.448, l: 0.751, junc:1.305, m:4.554, m_r:0.86 
[2024-10-25 10:32:30,564][    INFO] Iters: 365, Total loss: 33.459, avg = 39.298, c: 20.239, d: 12.433, l: 0.755, junc:1.310, m:4.556, m_r:0.86 
[2024-10-25 10:32:36,826][    INFO] Iters: 438, Total loss: 33.334, avg = 39.288, c: 20.079, d: 12.577, l: 0.757, junc:1.311, m:4.560, m_r:0.86 
[2024-10-25 10:32:42,835][    INFO] Iters: 511, Total loss: 44.677, avg = 39.494, c: 20.241, d: 12.621, l: 0.756, junc:1.312, m:4.559, m_r:0.86 
[2024-10-25 10:32:49,251][    INFO] Iters: 584, Total loss: 42.427, avg = 39.746, c: 20.503, d: 12.615, l: 0.757, junc:1.312, m:4.555, m_r:0.86 
[2024-10-25 10:33:03,033][    INFO] Step: 41, f_score: 0.75563, recall: 0.97, precision: 0.63, sAP10: 35.07
 
[2024-10-25 10:33:03,103][    INFO] ===========> Epoch: 42, LR: 0.00010, Previous best fscore: 0.77, Previous sAP10: 36.93, epoch: 40.00
[2024-10-25 10:33:03,365][    INFO] Iters: 0, Total loss: 38.872, avg = 38.872, c: 20.867, d: 11.169, l: 0.846, junc:1.480, m:4.506, m_r:0.89 
[2024-10-25 10:33:09,728][    INFO] Iters: 73, Total loss: 31.089, avg = 37.278, c: 18.815, d: 11.861, l: 0.752, junc:1.312, m:4.532, m_r:0.87 
[2024-10-25 10:33:15,882][    INFO] Iters: 146, Total loss: 44.412, avg = 37.846, c: 19.152, d: 12.099, l: 0.744, junc:1.299, m:4.547, m_r:0.87 
[2024-10-25 10:33:22,026][    INFO] Iters: 219, Total loss: 40.084, avg = 37.948, c: 19.045, d: 12.294, l: 0.745, junc:1.301, m:4.558, m_r:0.86 
[2024-10-25 10:33:28,389][    INFO] Iters: 292, Total loss: 33.542, avg = 38.491, c: 19.346, d: 12.531, l: 0.749, junc:1.308, m:4.552, m_r:0.86 
[2024-10-25 10:33:34,706][    INFO] Iters: 365, Total loss: 34.380, avg = 38.733, c: 19.677, d: 12.444, l: 0.751, junc:1.309, m:4.546, m_r:0.86 
[2024-10-25 10:33:41,060][    INFO] Iters: 438, Total loss: 34.726, avg = 38.906, c: 19.875, d: 12.418, l: 0.755, junc:1.310, m:4.543, m_r:0.86 
[2024-10-25 10:33:47,433][    INFO] Iters: 511, Total loss: 43.145, avg = 38.783, c: 19.789, d: 12.381, l: 0.754, junc:1.310, m:4.544, m_r:0.86 
[2024-10-25 10:33:53,935][    INFO] Iters: 584, Total loss: 34.865, avg = 38.994, c: 19.932, d: 12.442, l: 0.756, junc:1.311, m:4.547, m_r:0.86 
[2024-10-25 10:34:07,565][    INFO] Step: 42, f_score: 0.75337, recall: 0.97, precision: 0.62, sAP10: 36.62
 
[2024-10-25 10:34:07,640][    INFO] ===========> Epoch: 43, LR: 0.00010, Previous best fscore: 0.77, Previous sAP10: 36.93, epoch: 40.00
[2024-10-25 10:34:07,900][    INFO] Iters: 0, Total loss: 33.523, avg = 33.523, c: 17.628, d: 9.454, l: 0.852, junc:1.296, m:4.289, m_r:0.88 
[2024-10-25 10:34:13,920][    INFO] Iters: 73, Total loss: 32.839, avg = 38.286, c: 19.619, d: 12.090, l: 0.740, junc:1.288, m:4.544, m_r:0.87 
[2024-10-25 10:34:19,834][    INFO] Iters: 146, Total loss: 42.495, avg = 38.650, c: 19.487, d: 12.542, l: 0.749, junc:1.299, m:4.567, m_r:0.86 
[2024-10-25 10:34:26,097][    INFO] Iters: 219, Total loss: 32.268, avg = 38.700, c: 19.439, d: 12.631, l: 0.753, junc:1.305, m:4.567, m_r:0.86 
[2024-10-25 10:34:32,272][    INFO] Iters: 292, Total loss: 37.537, avg = 38.832, c: 19.701, d: 12.509, l: 0.754, junc:1.305, m:4.558, m_r:0.86 
[2024-10-25 10:34:38,355][    INFO] Iters: 365, Total loss: 37.534, avg = 38.638, c: 19.599, d: 12.427, l: 0.749, junc:1.302, m:4.556, m_r:0.86 
[2024-10-25 10:34:44,517][    INFO] Iters: 438, Total loss: 34.844, avg = 38.959, c: 19.830, d: 12.512, l: 0.753, junc:1.304, m:4.555, m_r:0.86 
[2024-10-25 10:34:51,142][    INFO] Iters: 511, Total loss: 42.733, avg = 39.078, c: 19.967, d: 12.496, l: 0.753, junc:1.304, m:4.552, m_r:0.86 
[2024-10-25 10:34:57,584][    INFO] Iters: 584, Total loss: 37.619, avg = 39.056, c: 19.923, d: 12.522, l: 0.754, junc:1.306, m:4.546, m_r:0.86 
[2024-10-25 10:35:11,676][    INFO] Step: 43, f_score: 0.75102, recall: 0.98, precision: 0.62, sAP10: 36.90
 
[2024-10-25 10:35:11,745][    INFO] ===========> Epoch: 44, LR: 0.00010, Previous best fscore: 0.77, Previous sAP10: 36.93, epoch: 40.00
[2024-10-25 10:35:11,951][    INFO] Iters: 0, Total loss: 37.296, avg = 37.296, c: 18.605, d: 12.121, l: 0.713, junc:1.363, m:4.489, m_r:0.87 
[2024-10-25 10:35:18,271][    INFO] Iters: 73, Total loss: 36.145, avg = 39.515, c: 20.727, d: 12.185, l: 0.753, junc:1.301, m:4.544, m_r:0.86 
[2024-10-25 10:35:24,690][    INFO] Iters: 146, Total loss: 42.193, avg = 40.601, c: 21.484, d: 12.524, l: 0.754, junc:1.300, m:4.534, m_r:0.86 
[2024-10-25 10:35:30,926][    INFO] Iters: 219, Total loss: 37.139, avg = 40.252, c: 21.158, d: 12.494, l: 0.757, junc:1.298, m:4.540, m_r:0.86 
[2024-10-25 10:35:37,212][    INFO] Iters: 292, Total loss: 33.283, avg = 40.427, c: 21.213, d: 12.622, l: 0.757, junc:1.299, m:4.531, m_r:0.86 
[2024-10-25 10:35:43,388][    INFO] Iters: 365, Total loss: 57.063, avg = 39.845, c: 20.762, d: 12.491, l: 0.753, junc:1.298, m:4.536, m_r:0.86 
